{"C:\\Users\\usuario\\Documents\\podbook\\front\\src\\app\\app.component.html": {"path":"C:\\Users\\usuario\\Documents\\podbook\\front\\src\\app\\app.component.html","statementMap":{"0":{"start":{"line":1,"column":0},"end":{"line":1,"column":481}}},"fnMap":{},"branchMap":{},"s":{"0":1},"f":{},"b":{},"inputSourceMap":null,"_coverageSchema":"1a1c01bbd47fc00a2c39e90264f33305004495a9","hash":"9c2b80f93c998846949f0de0663f225233a4b54e"}
,"C:\\Users\\usuario\\Documents\\podbook\\front\\src\\app\\app.component.ts": {"path":"C:\\Users\\usuario\\Documents\\podbook\\front\\src\\app\\app.component.ts","statementMap":{"0":{"start":{"line":1,"column":0},"end":{"line":1,"column":42}},"1":{"start":{"line":8,"column":25},"end":{"line":18,"column":null}},"2":{"start":{"line":9,"column":2},"end":{"line":9,"column":20}},"3":{"start":{"line":11,"column":2},"end":{"line":11,"column":28}},"4":{"start":{"line":15,"column":4},"end":{"line":15,"column":null}},"5":{"start":{"line":8,"column":13},"end":{"line":18,"column":null}},"6":{"start":{"line":8,"column":13},"end":{"line":8,"column":25}}},"fnMap":{"0":{"name":"(anonymous_1)","decl":{"start":{"line":14,"column":2},"end":{"line":14,"column":16}},"loc":{"start":{"line":14,"column":29},"end":{"line":17,"column":3}}}},"branchMap":{},"s":{"0":1,"1":1,"2":1,"3":1,"4":0,"5":1,"6":1},"f":{"0":0},"b":{}}
,"C:\\Users\\usuario\\Documents\\podbook\\front\\src\\app\\components\\audio-control\\audio-control.component.html": {"path":"C:\\Users\\usuario\\Documents\\podbook\\front\\src\\app\\components\\audio-control\\audio-control.component.html","statementMap":{"0":{"start":{"line":1,"column":0},"end":{"line":1,"column":1846}}},"fnMap":{},"branchMap":{},"s":{"0":1},"f":{},"b":{},"inputSourceMap":null,"_coverageSchema":"1a1c01bbd47fc00a2c39e90264f33305004495a9","hash":"6d926257c29d1fb3a2703160ef85808e0460a263"}
,"C:\\Users\\usuario\\Documents\\podbook\\front\\src\\app\\components\\audio-control\\audio-control.component.ts": {"path":"C:\\Users\\usuario\\Documents\\podbook\\front\\src\\app\\components\\audio-control\\audio-control.component.ts","statementMap":{"0":{"start":{"line":1,"column":0},"end":{"line":1,"column":106}},"1":{"start":{"line":2,"column":0},"end":{"line":2,"column":9}},"2":{"start":{"line":3,"column":0},"end":{"line":3,"column":31}},"3":{"start":{"line":4,"column":0},"end":{"line":4,"column":43}},"4":{"start":{"line":5,"column":0},"end":{"line":5,"column":74}},"5":{"start":{"line":6,"column":0},"end":{"line":6,"column":42}},"6":{"start":{"line":7,"column":0},"end":{"line":7,"column":40}},"7":{"start":{"line":8,"column":0},"end":{"line":8,"column":40}},"8":{"start":{"line":15,"column":34},"end":{"line":120,"column":null}},"9":{"start":{"line":36,"column":21},"end":{"line":36,"column":42}},"10":{"start":{"line":19,"column":10},"end":{"line":19,"column":38}},"11":{"start":{"line":21,"column":2},"end":{"line":21,"column":30}},"12":{"start":{"line":23,"column":2},"end":{"line":23,"column":40}},"13":{"start":{"line":24,"column":2},"end":{"line":24,"column":null}},"14":{"start":{"line":25,"column":2},"end":{"line":25,"column":43}},"15":{"start":{"line":27,"column":2},"end":{"line":27,"column":51}},"16":{"start":{"line":29,"column":2},"end":{"line":29,"column":null}},"17":{"start":{"line":54,"column":11},"end":{"line":54,"column":56}},"18":{"start":{"line":32,"column":4},"end":{"line":32,"column":53}},"19":{"start":{"line":40,"column":4},"end":{"line":40,"column":34}},"20":{"start":{"line":44,"column":4},"end":{"line":44,"column":29}},"21":{"start":{"line":45,"column":4},"end":{"line":45,"column":49}},"22":{"start":{"line":46,"column":4},"end":{"line":46,"column":49}},"23":{"start":{"line":47,"column":4},"end":{"line":47,"column":51}},"24":{"start":{"line":49,"column":4},"end":{"line":49,"column":31}},"25":{"start":{"line":50,"column":4},"end":{"line":50,"column":27}},"26":{"start":{"line":57,"column":4},"end":{"line":59,"column":null}},"27":{"start":{"line":58,"column":6},"end":{"line":58,"column":76}},"28":{"start":{"line":58,"column":47},"end":{"line":58,"column":76}},"29":{"start":{"line":63,"column":4},"end":{"line":78,"column":7}},"30":{"start":{"line":65,"column":6},"end":{"line":65,"column":34}},"31":{"start":{"line":65,"column":27},"end":{"line":65,"column":34}},"32":{"start":{"line":67,"column":6},"end":{"line":67,"column":41}},"33":{"start":{"line":68,"column":6},"end":{"line":68,"column":86}},"34":{"start":{"line":69,"column":6},"end":{"line":69,"column":40}},"35":{"start":{"line":70,"column":6},"end":{"line":70,"column":29}},"36":{"start":{"line":72,"column":6},"end":{"line":75,"column":8}},"37":{"start":{"line":73,"column":8},"end":{"line":73,"column":null}},"38":{"start":{"line":74,"column":8},"end":{"line":74,"column":60}},"39":{"start":{"line":77,"column":6},"end":{"line":77,"column":27}},"40":{"start":{"line":82,"column":4},"end":{"line":86,"column":12}},"41":{"start":{"line":84,"column":6},"end":{"line":84,"column":null}},"42":{"start":{"line":90,"column":4},"end":{"line":90,"column":45}},"43":{"start":{"line":91,"column":4},"end":{"line":91,"column":56}},"44":{"start":{"line":92,"column":4},"end":{"line":92,"column":27}},"45":{"start":{"line":93,"column":4},"end":{"line":93,"column":33}},"46":{"start":{"line":98,"column":22},"end":{"line":98,"column":47}},"47":{"start":{"line":99,"column":4},"end":{"line":99,"column":43}},"48":{"start":{"line":103,"column":4},"end":{"line":103,"column":33}},"49":{"start":{"line":105,"column":24},"end":{"line":105,"column":64}},"50":{"start":{"line":107,"column":4},"end":{"line":110,"column":null}},"51":{"start":{"line":108,"column":6},"end":{"line":108,"column":54}},"52":{"start":{"line":109,"column":6},"end":{"line":109,"column":13}},"53":{"start":{"line":112,"column":4},"end":{"line":112,"column":60}},"54":{"start":{"line":117,"column":4},"end":{"line":117,"column":28}},"55":{"start":{"line":118,"column":4},"end":{"line":118,"column":32}},"56":{"start":{"line":15,"column":13},"end":{"line":120,"column":null}},"57":{"start":{"line":15,"column":13},"end":{"line":15,"column":34}}},"fnMap":{"0":{"name":"(anonymous_0)","decl":{"start":{"line":35,"column":2},"end":{"line":35,"column":null}},"loc":{"start":{"line":36,"column":61},"end":{"line":37,"column":7}}},"1":{"name":"(anonymous_1)","decl":{"start":{"line":31,"column":2},"end":{"line":31,"column":6}},"loc":{"start":{"line":31,"column":27},"end":{"line":33,"column":3}}},"2":{"name":"(anonymous_2)","decl":{"start":{"line":39,"column":2},"end":{"line":39,"column":10}},"loc":{"start":{"line":39,"column":10},"end":{"line":41,"column":3}}},"3":{"name":"(anonymous_3)","decl":{"start":{"line":43,"column":2},"end":{"line":43,"column":24}},"loc":{"start":{"line":43,"column":24},"end":{"line":51,"column":3}}},"4":{"name":"(anonymous_4)","decl":{"start":{"line":56,"column":2},"end":{"line":56,"column":21}},"loc":{"start":{"line":56,"column":21},"end":{"line":60,"column":3}}},"5":{"name":"(anonymous_5)","decl":{"start":{"line":57,"column":102},"end":{"line":57,"column":113}},"loc":{"start":{"line":57,"column":116},"end":{"line":59,"column":5}}},"6":{"name":"(anonymous_6)","decl":{"start":{"line":62,"column":2},"end":{"line":62,"column":17}},"loc":{"start":{"line":62,"column":17},"end":{"line":79,"column":3}}},"7":{"name":"(anonymous_7)","decl":{"start":{"line":63,"column":98},"end":{"line":63,"column":103}},"loc":{"start":{"line":63,"column":106},"end":{"line":78,"column":5}}},"8":{"name":"(anonymous_8)","decl":{"start":{"line":81,"column":2},"end":{"line":81,"column":15}},"loc":{"start":{"line":81,"column":15},"end":{"line":87,"column":3}}},"9":{"name":"(anonymous_9)","decl":{"start":{"line":82,"column":15},"end":{"line":82,"column":18}},"loc":{"start":{"line":82,"column":20},"end":{"line":86,"column":5}}},"10":{"name":"(anonymous_10)","decl":{"start":{"line":89,"column":2},"end":{"line":89,"column":12}},"loc":{"start":{"line":89,"column":12},"end":{"line":94,"column":3}}},"11":{"name":"(anonymous_11)","decl":{"start":{"line":96,"column":2},"end":{"line":96,"column":14}},"loc":{"start":{"line":96,"column":26},"end":{"line":100,"column":3}}},"12":{"name":"(anonymous_12)","decl":{"start":{"line":102,"column":2},"end":{"line":102,"column":14}},"loc":{"start":{"line":102,"column":14},"end":{"line":114,"column":3}}},"13":{"name":"(anonymous_13)","decl":{"start":{"line":116,"column":2},"end":{"line":116,"column":13}},"loc":{"start":{"line":116,"column":13},"end":{"line":119,"column":3}}}},"branchMap":{"0":{"loc":{"start":{"line":58,"column":6},"end":{"line":58,"column":76}},"type":"if","locations":[{"start":{"line":58,"column":6},"end":{"line":58,"column":76}},{"start":{"line":58,"column":6},"end":{"line":58,"column":76}}]},"1":{"loc":{"start":{"line":65,"column":6},"end":{"line":65,"column":34}},"type":"if","locations":[{"start":{"line":65,"column":6},"end":{"line":65,"column":34}},{"start":{"line":65,"column":6},"end":{"line":65,"column":34}}]},"2":{"loc":{"start":{"line":72,"column":6},"end":{"line":75,"column":8}},"type":"if","locations":[{"start":{"line":72,"column":6},"end":{"line":75,"column":8}},{"start":{"line":72,"column":6},"end":{"line":75,"column":8}}]},"3":{"loc":{"start":{"line":107,"column":4},"end":{"line":110,"column":null}},"type":"if","locations":[{"start":{"line":107,"column":4},"end":{"line":110,"column":null}},{"start":{"line":107,"column":4},"end":{"line":110,"column":null}}]}},"s":{"0":1,"1":1,"2":1,"3":1,"4":1,"5":1,"6":1,"7":1,"8":1,"9":13,"10":13,"11":13,"12":13,"13":13,"14":13,"15":13,"16":13,"17":13,"18":0,"19":14,"20":14,"21":14,"22":14,"23":14,"24":14,"25":14,"26":15,"27":15,"28":0,"29":14,"30":14,"31":14,"32":0,"33":0,"34":0,"35":0,"36":0,"37":0,"38":0,"39":0,"40":0,"41":0,"42":4,"43":4,"44":4,"45":4,"46":0,"47":0,"48":0,"49":0,"50":0,"51":0,"52":0,"53":0,"54":12,"55":12,"56":1,"57":1},"f":{"0":13,"1":0,"2":14,"3":14,"4":15,"5":15,"6":14,"7":14,"8":0,"9":0,"10":4,"11":0,"12":0,"13":12},"b":{"0":[0,15],"1":[14,0],"2":[0,0],"3":[0,0]}}
,"C:\\Users\\usuario\\Documents\\podbook\\front\\src\\app\\components\\audio-control\\types\\AudioControl.ts": {"path":"C:\\Users\\usuario\\Documents\\podbook\\front\\src\\app\\components\\audio-control\\types\\AudioControl.ts","statementMap":{"0":{"start":{"line":11,"column":0},"end":{"line":11,"column":null}},"1":{"start":{"line":12,"column":4},"end":{"line":12,"column":null}},"2":{"start":{"line":13,"column":4},"end":{"line":13,"column":null}},"3":{"start":{"line":14,"column":4},"end":{"line":14,"column":null}},"4":{"start":{"line":15,"column":4},"end":{"line":15,"column":null}},"5":{"start":{"line":25,"column":35},"end":{"line":39,"column":1}},"6":{"start":{"line":26,"column":4},"end":{"line":38,"column":null}},"7":{"start":{"line":28,"column":8},"end":{"line":28,"column":52}},"8":{"start":{"line":30,"column":8},"end":{"line":37,"column":null}},"9":{"start":{"line":32,"column":12},"end":{"line":32,"column":null}},"10":{"start":{"line":34,"column":12},"end":{"line":34,"column":34}},"11":{"start":{"line":36,"column":12},"end":{"line":36,"column":44}},"12":{"start":{"line":25,"column":13},"end":{"line":25,"column":35}},"13":{"start":{"line":43,"column":12},"end":{"line":43,"column":43}},"14":{"start":{"line":45,"column":12},"end":{"line":45,"column":33}},"15":{"start":{"line":48,"column":8},"end":{"line":48,"column":null}},"16":{"start":{"line":52,"column":8},"end":{"line":52,"column":null}},"17":{"start":{"line":56,"column":8},"end":{"line":56,"column":30}},"18":{"start":{"line":60,"column":8},"end":{"line":60,"column":34}},"19":{"start":{"line":64,"column":8},"end":{"line":64,"column":29}},"20":{"start":{"line":41,"column":0},"end":{"line":41,"column":13}}},"fnMap":{"0":{"name":"(anonymous_0)","decl":{"start":{"line":11,"column":0},"end":{"line":11,"column":12}},"loc":{"start":{"line":11,"column":23},"end":{"line":16,"column":1}}},"1":{"name":"(anonymous_1)","decl":{"start":{"line":25,"column":35},"end":{"line":25,"column":36}},"loc":{"start":{"line":25,"column":83},"end":{"line":39,"column":1}}},"2":{"name":"(anonymous_2)","decl":{"start":{"line":30,"column":29},"end":{"line":30,"column":32}},"loc":{"start":{"line":30,"column":34},"end":{"line":37,"column":9}}},"3":{"name":"(anonymous_3)","decl":{"start":{"line":32,"column":33},"end":{"line":32,"column":36}},"loc":{"start":{"line":32,"column":38},"end":{"line":32,"column":42}}},"4":{"name":"(anonymous_4)","decl":{"start":{"line":41,"column":0},"end":{"line":41,"column":13}},"loc":{"start":{"line":41,"column":0},"end":{"line":66,"column":1}}},"5":{"name":"(anonymous_5)","decl":{"start":{"line":47,"column":4},"end":{"line":47,"column":8}},"loc":{"start":{"line":47,"column":19},"end":{"line":49,"column":5}}},"6":{"name":"(anonymous_6)","decl":{"start":{"line":51,"column":4},"end":{"line":51,"column":8}},"loc":{"start":{"line":51,"column":32},"end":{"line":53,"column":5}}},"7":{"name":"(anonymous_7)","decl":{"start":{"line":55,"column":4},"end":{"line":55,"column":8}},"loc":{"start":{"line":55,"column":13},"end":{"line":57,"column":5}}},"8":{"name":"(anonymous_8)","decl":{"start":{"line":59,"column":4},"end":{"line":59,"column":8}},"loc":{"start":{"line":59,"column":28},"end":{"line":61,"column":5}}},"9":{"name":"(anonymous_9)","decl":{"start":{"line":63,"column":4},"end":{"line":63,"column":8}},"loc":{"start":{"line":63,"column":26},"end":{"line":65,"column":5}}}},"branchMap":{"0":{"loc":{"start":{"line":11,"column":12},"end":{"line":11,"column":null}},"type":"binary-expr","locations":[{"start":{"line":11,"column":12},"end":{"line":11,"column":23}},{"start":{"line":11,"column":12},"end":{"line":11,"column":null}}]},"1":{"loc":{"start":{"line":26,"column":4},"end":{"line":38,"column":null}},"type":"if","locations":[{"start":{"line":26,"column":4},"end":{"line":38,"column":null}},{"start":{"line":26,"column":4},"end":{"line":38,"column":null}}]}},"s":{"0":6,"1":6,"2":6,"3":6,"4":6,"5":6,"6":0,"7":0,"8":0,"9":0,"10":0,"11":0,"12":6,"13":15,"14":15,"15":0,"16":0,"17":71,"18":2,"19":4,"20":6},"f":{"0":6,"1":0,"2":0,"3":0,"4":15,"5":0,"6":0,"7":71,"8":2,"9":4},"b":{"0":[6,6],"1":[0,0]}}
,"C:\\Users\\usuario\\Documents\\podbook\\front\\src\\app\\components\\audio-control\\types\\Playing.ts": {"path":"C:\\Users\\usuario\\Documents\\podbook\\front\\src\\app\\components\\audio-control\\types\\Playing.ts","statementMap":{"0":{"start":{"line":1,"column":0},"end":{"line":1,"column":52}},"1":{"start":{"line":11,"column":24},"end":{"line":11,"column":40}},"2":{"start":{"line":5,"column":12},"end":{"line":5,"column":38}},"3":{"start":{"line":7,"column":12},"end":{"line":7,"column":47}},"4":{"start":{"line":9,"column":4},"end":{"line":9,"column":113}},"5":{"start":{"line":13,"column":8},"end":{"line":16,"column":null}},"6":{"start":{"line":14,"column":12},"end":{"line":14,"column":43}},"7":{"start":{"line":15,"column":12},"end":{"line":15,"column":25}},"8":{"start":{"line":21,"column":26},"end":{"line":21,"column":73}},"9":{"start":{"line":23,"column":8},"end":{"line":23,"column":54}},"10":{"start":{"line":27,"column":8},"end":{"line":27,"column":34}},"11":{"start":{"line":33,"column":26},"end":{"line":33,"column":72}},"12":{"start":{"line":35,"column":8},"end":{"line":35,"column":47}},"13":{"start":{"line":41,"column":8},"end":{"line":41,"column":53}},"14":{"start":{"line":42,"column":8},"end":{"line":42,"column":37}},"15":{"start":{"line":47,"column":8},"end":{"line":47,"column":54}},"16":{"start":{"line":48,"column":8},"end":{"line":48,"column":36}},"17":{"start":{"line":3,"column":0},"end":{"line":3,"column":13}}},"fnMap":{"0":{"name":"(anonymous_0)","decl":{"start":{"line":11,"column":4},"end":{"line":11,"column":24}},"loc":{"start":{"line":11,"column":40},"end":{"line":17,"column":5}}},"1":{"name":"(anonymous_1)","decl":{"start":{"line":13,"column":55},"end":{"line":13,"column":58}},"loc":{"start":{"line":13,"column":60},"end":{"line":16,"column":9}}},"2":{"name":"(anonymous_2)","decl":{"start":{"line":19,"column":4},"end":{"line":19,"column":8}},"loc":{"start":{"line":19,"column":28},"end":{"line":24,"column":5}}},"3":{"name":"(anonymous_3)","decl":{"start":{"line":26,"column":4},"end":{"line":26,"column":8}},"loc":{"start":{"line":26,"column":28},"end":{"line":28,"column":5}}},"4":{"name":"(anonymous_4)","decl":{"start":{"line":31,"column":4},"end":{"line":31,"column":10}},"loc":{"start":{"line":31,"column":10},"end":{"line":36,"column":5}}},"5":{"name":"(anonymous_5)","decl":{"start":{"line":39,"column":4},"end":{"line":39,"column":9}},"loc":{"start":{"line":39,"column":9},"end":{"line":43,"column":5}}},"6":{"name":"(anonymous_6)","decl":{"start":{"line":45,"column":4},"end":{"line":45,"column":8}},"loc":{"start":{"line":45,"column":8},"end":{"line":49,"column":5}}}},"branchMap":{"0":{"loc":{"start":{"line":35,"column":8},"end":{"line":35,"column":46}},"type":"cond-expr","locations":[{"start":{"line":35,"column":20},"end":{"line":35,"column":32}},{"start":{"line":35,"column":35},"end":{"line":35,"column":46}}]}},"s":{"0":2,"1":29,"2":29,"3":29,"4":29,"5":29,"6":0,"7":0,"8":30,"9":30,"10":8,"11":2,"12":2,"13":9,"14":9,"15":5,"16":5,"17":2},"f":{"0":29,"1":0,"2":30,"3":8,"4":2,"5":9,"6":5},"b":{"0":[1,1]}}
,"C:\\Users\\usuario\\Documents\\podbook\\front\\src\\app\\components\\audio-control\\types\\Repeat.ts": {"path":"C:\\Users\\usuario\\Documents\\podbook\\front\\src\\app\\components\\audio-control\\types\\Repeat.ts","statementMap":{"0":{"start":{"line":9,"column":24},"end":{"line":9,"column":40}},"1":{"start":{"line":5,"column":12},"end":{"line":5,"column":27}},"2":{"start":{"line":7,"column":4},"end":{"line":7,"column":114}},"3":{"start":{"line":13,"column":27},"end":{"line":13,"column":38}},"4":{"start":{"line":15,"column":8},"end":{"line":15,"column":61}},"5":{"start":{"line":19,"column":8},"end":{"line":19,"column":27}},"6":{"start":{"line":23,"column":8},"end":{"line":23,"column":27}},"7":{"start":{"line":25,"column":8},"end":{"line":25,"column":41}},"8":{"start":{"line":29,"column":8},"end":{"line":29,"column":28}},"9":{"start":{"line":31,"column":8},"end":{"line":31,"column":42}},"10":{"start":{"line":36,"column":8},"end":{"line":36,"column":71}},"11":{"start":{"line":3,"column":0},"end":{"line":3,"column":13}}},"fnMap":{"0":{"name":"(anonymous_0)","decl":{"start":{"line":9,"column":4},"end":{"line":9,"column":24}},"loc":{"start":{"line":9,"column":40},"end":{"line":9,"column":45}}},"1":{"name":"(anonymous_1)","decl":{"start":{"line":11,"column":4},"end":{"line":11,"column":8}},"loc":{"start":{"line":11,"column":34},"end":{"line":16,"column":5}}},"2":{"name":"(anonymous_2)","decl":{"start":{"line":18,"column":4},"end":{"line":18,"column":8}},"loc":{"start":{"line":18,"column":20},"end":{"line":20,"column":5}}},"3":{"name":"(anonymous_3)","decl":{"start":{"line":22,"column":4},"end":{"line":22,"column":19}},"loc":{"start":{"line":22,"column":19},"end":{"line":26,"column":5}}},"4":{"name":"(anonymous_4)","decl":{"start":{"line":28,"column":4},"end":{"line":28,"column":20}},"loc":{"start":{"line":28,"column":20},"end":{"line":32,"column":5}}},"5":{"name":"(anonymous_5)","decl":{"start":{"line":35,"column":4},"end":{"line":35,"column":10}},"loc":{"start":{"line":35,"column":10},"end":{"line":37,"column":5}}}},"branchMap":{"0":{"loc":{"start":{"line":36,"column":8},"end":{"line":36,"column":70}},"type":"cond-expr","locations":[{"start":{"line":36,"column":22},"end":{"line":36,"column":45}},{"start":{"line":36,"column":48},"end":{"line":36,"column":70}}]}},"s":{"0":14,"1":14,"2":14,"3":28,"4":28,"5":2,"6":1,"7":1,"8":1,"9":1,"10":0,"11":1},"f":{"0":14,"1":28,"2":2,"3":1,"4":1,"5":0},"b":{"0":[0,0]}}
,"C:\\Users\\usuario\\Documents\\podbook\\front\\src\\app\\components\\audio-control\\types\\Volume.ts": {"path":"C:\\Users\\usuario\\Documents\\podbook\\front\\src\\app\\components\\audio-control\\types\\Volume.ts","statementMap":{"0":{"start":{"line":1,"column":0},"end":{"line":1,"column":52}},"1":{"start":{"line":11,"column":24},"end":{"line":11,"column":36}},"2":{"start":{"line":5,"column":12},"end":{"line":5,"column":48}},"3":{"start":{"line":7,"column":12},"end":{"line":7,"column":33}},"4":{"start":{"line":9,"column":4},"end":{"line":9,"column":105}},"5":{"start":{"line":15,"column":24},"end":{"line":15,"column":65}},"6":{"start":{"line":17,"column":8},"end":{"line":17,"column":53}},"7":{"start":{"line":21,"column":8},"end":{"line":21,"column":34}},"8":{"start":{"line":25,"column":8},"end":{"line":25,"column":33}},"9":{"start":{"line":29,"column":8},"end":{"line":29,"column":35}},"10":{"start":{"line":30,"column":8},"end":{"line":30,"column":39}},"11":{"start":{"line":32,"column":8},"end":{"line":32,"column":51}},"12":{"start":{"line":37,"column":8},"end":{"line":37,"column":47}},"13":{"start":{"line":38,"column":8},"end":{"line":38,"column":38}},"14":{"start":{"line":43,"column":8},"end":{"line":43,"column":49}},"15":{"start":{"line":44,"column":8},"end":{"line":44,"column":39}},"16":{"start":{"line":45,"column":8},"end":{"line":45,"column":56}},"17":{"start":{"line":49,"column":24},"end":{"line":49,"column":63}},"18":{"start":{"line":51,"column":8},"end":{"line":51,"column":46}},"19":{"start":{"line":3,"column":0},"end":{"line":3,"column":13}}},"fnMap":{"0":{"name":"(anonymous_0)","decl":{"start":{"line":11,"column":4},"end":{"line":11,"column":24}},"loc":{"start":{"line":11,"column":36},"end":{"line":11,"column":41}}},"1":{"name":"(anonymous_1)","decl":{"start":{"line":13,"column":4},"end":{"line":13,"column":8}},"loc":{"start":{"line":13,"column":31},"end":{"line":18,"column":5}}},"2":{"name":"(anonymous_2)","decl":{"start":{"line":20,"column":4},"end":{"line":20,"column":8}},"loc":{"start":{"line":20,"column":26},"end":{"line":22,"column":5}}},"3":{"name":"(anonymous_3)","decl":{"start":{"line":24,"column":4},"end":{"line":24,"column":8}},"loc":{"start":{"line":24,"column":14},"end":{"line":26,"column":5}}},"4":{"name":"(anonymous_4)","decl":{"start":{"line":28,"column":4},"end":{"line":28,"column":8}},"loc":{"start":{"line":28,"column":29},"end":{"line":33,"column":5}}},"5":{"name":"(anonymous_5)","decl":{"start":{"line":35,"column":4},"end":{"line":35,"column":8}},"loc":{"start":{"line":35,"column":8},"end":{"line":39,"column":5}}},"6":{"name":"(anonymous_6)","decl":{"start":{"line":41,"column":4},"end":{"line":41,"column":10}},"loc":{"start":{"line":41,"column":10},"end":{"line":46,"column":5}}},"7":{"name":"(anonymous_7)","decl":{"start":{"line":48,"column":4},"end":{"line":48,"column":10}},"loc":{"start":{"line":48,"column":10},"end":{"line":52,"column":5}}}},"branchMap":{"0":{"loc":{"start":{"line":32,"column":8},"end":{"line":32,"column":50}},"type":"cond-expr","locations":[{"start":{"line":32,"column":23},"end":{"line":32,"column":34}},{"start":{"line":32,"column":37},"end":{"line":32,"column":50}}]},"1":{"loc":{"start":{"line":51,"column":8},"end":{"line":51,"column":45}},"type":"cond-expr","locations":[{"start":{"line":51,"column":18},"end":{"line":51,"column":31}},{"start":{"line":51,"column":34},"end":{"line":51,"column":45}}]}},"s":{"0":2,"1":29,"2":29,"3":29,"4":29,"5":30,"6":30,"7":8,"8":0,"9":2,"10":2,"11":2,"12":6,"13":6,"14":6,"15":6,"16":6,"17":2,"18":2,"19":2},"f":{"0":29,"1":30,"2":8,"3":0,"4":2,"5":6,"6":6,"7":2},"b":{"0":[1,1],"1":[1,1]}}
,"C:\\Users\\usuario\\Documents\\podbook\\front\\src\\app\\components\\button\\button.component.html": {"path":"C:\\Users\\usuario\\Documents\\podbook\\front\\src\\app\\components\\button\\button.component.html","statementMap":{"0":{"start":{"line":1,"column":0},"end":{"line":1,"column":373}}},"fnMap":{},"branchMap":{},"s":{"0":1},"f":{},"b":{},"inputSourceMap":null,"_coverageSchema":"1a1c01bbd47fc00a2c39e90264f33305004495a9","hash":"62026dcc3851e4daabacbdb7784685e95463e0c5"}
,"C:\\Users\\usuario\\Documents\\podbook\\front\\src\\app\\components\\button\\button.component.ts": {"path":"C:\\Users\\usuario\\Documents\\podbook\\front\\src\\app\\components\\button\\button.component.ts","statementMap":{"0":{"start":{"line":1,"column":0},"end":{"line":1,"column":57}},"1":{"start":{"line":8,"column":28},"end":{"line":31,"column":null}},"2":{"start":{"line":11,"column":2},"end":{"line":11,"column":null}},"3":{"start":{"line":14,"column":2},"end":{"line":14,"column":28}},"4":{"start":{"line":17,"column":2},"end":{"line":17,"column":12}},"5":{"start":{"line":20,"column":2},"end":{"line":20,"column":19}},"6":{"start":{"line":23,"column":2},"end":{"line":23,"column":13}},"7":{"start":{"line":26,"column":2},"end":{"line":26,"column":14}},"8":{"start":{"line":29,"column":2},"end":{"line":29,"column":23}},"9":{"start":{"line":8,"column":13},"end":{"line":31,"column":null}},"10":{"start":{"line":8,"column":13},"end":{"line":8,"column":28}}},"fnMap":{},"branchMap":{},"s":{"0":1,"1":1,"2":2,"3":2,"4":2,"5":2,"6":2,"7":2,"8":2,"9":1,"10":1},"f":{},"b":{}}
,"C:\\Users\\usuario\\Documents\\podbook\\front\\src\\app\\components\\button-control\\button-control.component.html": {"path":"C:\\Users\\usuario\\Documents\\podbook\\front\\src\\app\\components\\button-control\\button-control.component.html","statementMap":{"0":{"start":{"line":1,"column":0},"end":{"line":1,"column":278}}},"fnMap":{},"branchMap":{},"s":{"0":2},"f":{},"b":{},"inputSourceMap":null,"_coverageSchema":"1a1c01bbd47fc00a2c39e90264f33305004495a9","hash":"e1b80c3b99c4ceba0e66f9831d6489ec2baef141"}
,"C:\\Users\\usuario\\Documents\\podbook\\front\\src\\app\\components\\button-control\\button-control.component.ts": {"path":"C:\\Users\\usuario\\Documents\\podbook\\front\\src\\app\\components\\button-control\\button-control.component.ts","statementMap":{"0":{"start":{"line":1,"column":0},"end":{"line":1,"column":49}},"1":{"start":{"line":2,"column":0},"end":{"line":2,"column":95}},"2":{"start":{"line":10,"column":35},"end":{"line":51,"column":null}},"3":{"start":{"line":13,"column":10},"end":{"line":13,"column":null}},"4":{"start":{"line":16,"column":2},"end":{"line":16,"column":12}},"5":{"start":{"line":18,"column":11},"end":{"line":18,"column":24}},"6":{"start":{"line":21,"column":2},"end":{"line":21,"column":40}},"7":{"start":{"line":26,"column":4},"end":{"line":26,"column":26}},"8":{"start":{"line":30,"column":4},"end":{"line":30,"column":27}},"9":{"start":{"line":34,"column":4},"end":{"line":34,"column":46}},"10":{"start":{"line":38,"column":4},"end":{"line":38,"column":57}},"11":{"start":{"line":42,"column":4},"end":{"line":42,"column":41}},"12":{"start":{"line":46,"column":4},"end":{"line":46,"column":22}},"13":{"start":{"line":47,"column":4},"end":{"line":47,"column":25}},"14":{"start":{"line":10,"column":13},"end":{"line":51,"column":null}},"15":{"start":{"line":10,"column":13},"end":{"line":10,"column":35}}},"fnMap":{"0":{"name":"(anonymous_1)","decl":{"start":{"line":13,"column":33},"end":{"line":13,"column":36}},"loc":{"start":{"line":13,"column":38},"end":{"line":13,"column":41}}},"1":{"name":"(anonymous_2)","decl":{"start":{"line":23,"column":2},"end":{"line":23,"column":3}},"loc":{"start":{"line":24,"column":28},"end":{"line":27,"column":3}}},"2":{"name":"(anonymous_3)","decl":{"start":{"line":29,"column":2},"end":{"line":29,"column":6}},"loc":{"start":{"line":29,"column":22},"end":{"line":31,"column":3}}},"3":{"name":"(anonymous_4)","decl":{"start":{"line":33,"column":2},"end":{"line":33,"column":6}},"loc":{"start":{"line":33,"column":17},"end":{"line":35,"column":3}}},"4":{"name":"(anonymous_5)","decl":{"start":{"line":37,"column":2},"end":{"line":37,"column":6}},"loc":{"start":{"line":37,"column":23},"end":{"line":39,"column":3}}},"5":{"name":"(anonymous_6)","decl":{"start":{"line":41,"column":2},"end":{"line":41,"column":15}},"loc":{"start":{"line":41,"column":15},"end":{"line":43,"column":3}}},"6":{"name":"(anonymous_7)","decl":{"start":{"line":45,"column":2},"end":{"line":45,"column":17}},"loc":{"start":{"line":45,"column":17},"end":{"line":48,"column":3}}}},"branchMap":{"0":{"loc":{"start":{"line":42,"column":16},"end":{"line":42,"column":40}},"type":"cond-expr","locations":[{"start":{"line":42,"column":28},"end":{"line":42,"column":33}},{"start":{"line":42,"column":36},"end":{"line":42,"column":40}}]}},"s":{"0":2,"1":2,"2":2,"3":10,"4":10,"5":10,"6":10,"7":2,"8":2,"9":22,"10":22,"11":5,"12":1,"13":1,"14":2,"15":2},"f":{"0":0,"1":2,"2":2,"3":22,"4":22,"5":5,"6":1},"b":{"0":[2,3]}}
,"C:\\Users\\usuario\\Documents\\podbook\\front\\src\\app\\components\\button-control\\button-control.module.ts": {"path":"C:\\Users\\usuario\\Documents\\podbook\\front\\src\\app\\components\\button-control\\button-control.module.ts","statementMap":{"0":{"start":{"line":1,"column":0},"end":{"line":1,"column":47}},"1":{"start":{"line":2,"column":0},"end":{"line":2,"column":41}},"2":{"start":{"line":3,"column":0},"end":{"line":3,"column":68}},"3":{"start":{"line":10,"column":32},"end":{"line":10,"column":null}},"4":{"start":{"line":10,"column":13},"end":{"line":10,"column":null}},"5":{"start":{"line":10,"column":13},"end":{"line":10,"column":32}}},"fnMap":{},"branchMap":{},"s":{"0":1,"1":1,"2":1,"3":1,"4":1,"5":1},"f":{},"b":{}}
,"C:\\Users\\usuario\\Documents\\podbook\\front\\src\\app\\components\\card\\card.component.html": {"path":"C:\\Users\\usuario\\Documents\\podbook\\front\\src\\app\\components\\card\\card.component.html","statementMap":{"0":{"start":{"line":1,"column":0},"end":{"line":1,"column":1362}}},"fnMap":{},"branchMap":{},"s":{"0":4},"f":{},"b":{},"inputSourceMap":null,"_coverageSchema":"1a1c01bbd47fc00a2c39e90264f33305004495a9","hash":"9053068050042b70718fe9b66e7df31f58ed8ee9"}
,"C:\\Users\\usuario\\Documents\\podbook\\front\\src\\app\\components\\card\\card.component.ts": {"path":"C:\\Users\\usuario\\Documents\\podbook\\front\\src\\app\\components\\card\\card.component.ts","statementMap":{"0":{"start":{"line":1,"column":0},"end":{"line":1,"column":80}},"1":{"start":{"line":2,"column":0},"end":{"line":2,"column":82}},"2":{"start":{"line":3,"column":0},"end":{"line":3,"column":80}},"3":{"start":{"line":12,"column":26},"end":{"line":67,"column":null}},"4":{"start":{"line":19,"column":2},"end":{"line":19,"column":47}},"5":{"start":{"line":21,"column":2},"end":{"line":21,"column":20}},"6":{"start":{"line":23,"column":2},"end":{"line":23,"column":22}},"7":{"start":{"line":26,"column":2},"end":{"line":26,"column":13}},"8":{"start":{"line":29,"column":2},"end":{"line":29,"column":19}},"9":{"start":{"line":32,"column":2},"end":{"line":32,"column":17}},"10":{"start":{"line":35,"column":2},"end":{"line":35,"column":17}},"11":{"start":{"line":38,"column":2},"end":{"line":38,"column":53}},"12":{"start":{"line":41,"column":2},"end":{"line":41,"column":14}},"13":{"start":{"line":44,"column":2},"end":{"line":44,"column":28}},"14":{"start":{"line":48,"column":4},"end":{"line":48,"column":83}},"15":{"start":{"line":54,"column":4},"end":{"line":57,"column":null}},"16":{"start":{"line":55,"column":6},"end":{"line":55,"column":null}},"17":{"start":{"line":56,"column":6},"end":{"line":56,"column":13}},"18":{"start":{"line":59,"column":4},"end":{"line":59,"column":31}},"19":{"start":{"line":63,"column":4},"end":{"line":63,"column":66}},"20":{"start":{"line":64,"column":4},"end":{"line":64,"column":null}},"21":{"start":{"line":12,"column":13},"end":{"line":67,"column":null}},"22":{"start":{"line":12,"column":13},"end":{"line":12,"column":26}}},"fnMap":{"0":{"name":"(anonymous_1)","decl":{"start":{"line":46,"column":2},"end":{"line":46,"column":6}},"loc":{"start":{"line":46,"column":19},"end":{"line":49,"column":3}}},"1":{"name":"(anonymous_2)","decl":{"start":{"line":51,"column":2},"end":{"line":51,"column":3}},"loc":{"start":{"line":52,"column":36},"end":{"line":60,"column":3}}},"2":{"name":"(anonymous_3)","decl":{"start":{"line":55,"column":30},"end":{"line":55,"column":33}},"loc":{"start":{"line":55,"column":35},"end":{"line":55,"column":38}}},"3":{"name":"(anonymous_4)","decl":{"start":{"line":62,"column":2},"end":{"line":62,"column":20}},"loc":{"start":{"line":62,"column":20},"end":{"line":65,"column":3}}}},"branchMap":{"0":{"loc":{"start":{"line":48,"column":11},"end":{"line":48,"column":82}},"type":"binary-expr","locations":[{"start":{"line":48,"column":11},"end":{"line":48,"column":48}},{"start":{"line":48,"column":52},"end":{"line":48,"column":82}}]},"1":{"loc":{"start":{"line":54,"column":4},"end":{"line":57,"column":null}},"type":"if","locations":[{"start":{"line":54,"column":4},"end":{"line":57,"column":null}},{"start":{"line":54,"column":4},"end":{"line":57,"column":null}}]}},"s":{"0":4,"1":4,"2":4,"3":4,"4":9,"5":9,"6":9,"7":9,"8":9,"9":9,"10":9,"11":9,"12":9,"13":9,"14":26,"15":3,"16":1,"17":1,"18":2,"19":1,"20":1,"21":4,"22":4},"f":{"0":26,"1":3,"2":0,"3":1},"b":{"0":[26,0],"1":[1,2]}}
,"C:\\Users\\usuario\\Documents\\podbook\\front\\src\\app\\components\\card\\card.module.ts": {"path":"C:\\Users\\usuario\\Documents\\podbook\\front\\src\\app\\components\\card\\card.module.ts","statementMap":{"0":{"start":{"line":1,"column":0},"end":{"line":1,"column":47}},"1":{"start":{"line":2,"column":0},"end":{"line":2,"column":41}},"2":{"start":{"line":3,"column":0},"end":{"line":3,"column":49}},"3":{"start":{"line":10,"column":23},"end":{"line":10,"column":null}},"4":{"start":{"line":10,"column":13},"end":{"line":10,"column":null}},"5":{"start":{"line":10,"column":13},"end":{"line":10,"column":23}}},"fnMap":{},"branchMap":{},"s":{"0":3,"1":3,"2":3,"3":3,"4":3,"5":3},"f":{},"b":{}}
,"C:\\Users\\usuario\\Documents\\podbook\\front\\src\\app\\components\\cards-container\\cards-container.component.html": {"path":"C:\\Users\\usuario\\Documents\\podbook\\front\\src\\app\\components\\cards-container\\cards-container.component.html","statementMap":{"0":{"start":{"line":1,"column":0},"end":{"line":1,"column":1379}}},"fnMap":{},"branchMap":{},"s":{"0":3},"f":{},"b":{},"inputSourceMap":null,"_coverageSchema":"1a1c01bbd47fc00a2c39e90264f33305004495a9","hash":"821a4e6e9bdab7fa15ef9a91c734e42d9056e7b4"}
,"C:\\Users\\usuario\\Documents\\podbook\\front\\src\\app\\components\\cards-container\\cards-container.component.ts": {"path":"C:\\Users\\usuario\\Documents\\podbook\\front\\src\\app\\components\\cards-container\\cards-container.component.ts","statementMap":{"0":{"start":{"line":1,"column":0},"end":{"line":1,"column":90}},"1":{"start":{"line":2,"column":0},"end":{"line":2,"column":75}},"2":{"start":{"line":4,"column":0},"end":{"line":4,"column":73}},"3":{"start":{"line":5,"column":0},"end":{"line":5,"column":77}},"4":{"start":{"line":23,"column":36},"end":{"line":48,"column":null}},"5":{"start":{"line":25,"column":10},"end":{"line":25,"column":58}},"6":{"start":{"line":28,"column":2},"end":{"line":28,"column":18}},"7":{"start":{"line":31,"column":2},"end":{"line":31,"column":13}},"8":{"start":{"line":34,"column":2},"end":{"line":34,"column":35}},"9":{"start":{"line":37,"column":2},"end":{"line":37,"column":32}},"10":{"start":{"line":41,"column":4},"end":{"line":41,"column":27}},"11":{"start":{"line":45,"column":4},"end":{"line":45,"column":46}},"12":{"start":{"line":23,"column":13},"end":{"line":48,"column":null}},"13":{"start":{"line":23,"column":13},"end":{"line":23,"column":36}}},"fnMap":{"0":{"name":"(anonymous_1)","decl":{"start":{"line":39,"column":2},"end":{"line":39,"column":3}},"loc":{"start":{"line":40,"column":37},"end":{"line":42,"column":3}}},"1":{"name":"(anonymous_2)","decl":{"start":{"line":44,"column":2},"end":{"line":44,"column":14}},"loc":{"start":{"line":44,"column":14},"end":{"line":46,"column":3}}}},"branchMap":{},"s":{"0":3,"1":3,"2":3,"3":3,"4":3,"5":4,"6":4,"7":4,"8":4,"9":4,"10":2,"11":3,"12":3,"13":3},"f":{"0":2,"1":3},"b":{}}
,"C:\\Users\\usuario\\Documents\\podbook\\front\\src\\app\\components\\cards-container\\cards-container.module.ts": {"path":"C:\\Users\\usuario\\Documents\\podbook\\front\\src\\app\\components\\cards-container\\cards-container.module.ts","statementMap":{"0":{"start":{"line":1,"column":0},"end":{"line":1,"column":47}},"1":{"start":{"line":2,"column":0},"end":{"line":2,"column":41}},"2":{"start":{"line":3,"column":0},"end":{"line":3,"column":58}},"3":{"start":{"line":4,"column":0},"end":{"line":4,"column":75}},"4":{"start":{"line":5,"column":0},"end":{"line":5,"column":75}},"5":{"start":{"line":6,"column":0},"end":{"line":6,"column":70}},"6":{"start":{"line":18,"column":33},"end":{"line":18,"column":null}},"7":{"start":{"line":18,"column":13},"end":{"line":18,"column":null}},"8":{"start":{"line":18,"column":13},"end":{"line":18,"column":33}}},"fnMap":{},"branchMap":{},"s":{"0":2,"1":2,"2":2,"3":2,"4":2,"5":2,"6":2,"7":2,"8":2},"f":{},"b":{}}
,"C:\\Users\\usuario\\Documents\\podbook\\front\\src\\app\\components\\float-button\\float-button.component.html": {"path":"C:\\Users\\usuario\\Documents\\podbook\\front\\src\\app\\components\\float-button\\float-button.component.html","statementMap":{"0":{"start":{"line":1,"column":0},"end":{"line":1,"column":105}}},"fnMap":{},"branchMap":{},"s":{"0":2},"f":{},"b":{},"inputSourceMap":null,"_coverageSchema":"1a1c01bbd47fc00a2c39e90264f33305004495a9","hash":"37c516ed20fbfcc54848def5ba5ed3bb81fdab47"}
,"C:\\Users\\usuario\\Documents\\podbook\\front\\src\\app\\components\\float-button\\float-button.component.ts": {"path":"C:\\Users\\usuario\\Documents\\podbook\\front\\src\\app\\components\\float-button\\float-button.component.ts","statementMap":{"0":{"start":{"line":1,"column":0},"end":{"line":1,"column":57}},"1":{"start":{"line":8,"column":33},"end":{"line":19,"column":null}},"2":{"start":{"line":11,"column":2},"end":{"line":11,"column":38}},"3":{"start":{"line":14,"column":2},"end":{"line":14,"column":11}},"4":{"start":{"line":17,"column":4},"end":{"line":17,"column":20}},"5":{"start":{"line":8,"column":13},"end":{"line":19,"column":null}},"6":{"start":{"line":8,"column":13},"end":{"line":8,"column":33}}},"fnMap":{"0":{"name":"(anonymous_1)","decl":{"start":{"line":16,"column":2},"end":{"line":16,"column":17}},"loc":{"start":{"line":16,"column":17},"end":{"line":18,"column":3}}}},"branchMap":{},"s":{"0":2,"1":2,"2":4,"3":4,"4":1,"5":2,"6":2},"f":{"0":1},"b":{}}
,"C:\\Users\\usuario\\Documents\\podbook\\front\\src\\app\\components\\float-button\\float-button.module.ts": {"path":"C:\\Users\\usuario\\Documents\\podbook\\front\\src\\app\\components\\float-button\\float-button.module.ts","statementMap":{"0":{"start":{"line":1,"column":0},"end":{"line":1,"column":47}},"1":{"start":{"line":2,"column":0},"end":{"line":2,"column":41}},"2":{"start":{"line":3,"column":0},"end":{"line":3,"column":47}},"3":{"start":{"line":4,"column":0},"end":{"line":4,"column":64}},"4":{"start":{"line":11,"column":30},"end":{"line":11,"column":null}},"5":{"start":{"line":11,"column":13},"end":{"line":11,"column":null}},"6":{"start":{"line":11,"column":13},"end":{"line":11,"column":30}}},"fnMap":{},"branchMap":{},"s":{"0":1,"1":1,"2":1,"3":1,"4":1,"5":1,"6":1},"f":{},"b":{}}
,"C:\\Users\\usuario\\Documents\\podbook\\front\\src\\app\\components\\footer\\footer.component.html": {"path":"C:\\Users\\usuario\\Documents\\podbook\\front\\src\\app\\components\\footer\\footer.component.html","statementMap":{"0":{"start":{"line":1,"column":0},"end":{"line":1,"column":574}}},"fnMap":{},"branchMap":{},"s":{"0":1},"f":{},"b":{},"inputSourceMap":null,"_coverageSchema":"1a1c01bbd47fc00a2c39e90264f33305004495a9","hash":"7e50cd9a0d1844d0426978b2e03c468d01bc4681"}
,"C:\\Users\\usuario\\Documents\\podbook\\front\\src\\app\\components\\footer\\footer.component.ts": {"path":"C:\\Users\\usuario\\Documents\\podbook\\front\\src\\app\\components\\footer\\footer.component.ts","statementMap":{"0":{"start":{"line":1,"column":0},"end":{"line":1,"column":50}},"1":{"start":{"line":8,"column":28},"end":{"line":8,"column":null}},"2":{"start":{"line":8,"column":13},"end":{"line":8,"column":null}},"3":{"start":{"line":8,"column":13},"end":{"line":8,"column":28}}},"fnMap":{},"branchMap":{},"s":{"0":1,"1":1,"2":1,"3":1},"f":{},"b":{}}
,"C:\\Users\\usuario\\Documents\\podbook\\front\\src\\app\\components\\form-field\\form-field.component.html": {"path":"C:\\Users\\usuario\\Documents\\podbook\\front\\src\\app\\components\\form-field\\form-field.component.html","statementMap":{"0":{"start":{"line":1,"column":0},"end":{"line":1,"column":1274}}},"fnMap":{},"branchMap":{},"s":{"0":6},"f":{},"b":{},"inputSourceMap":null,"_coverageSchema":"1a1c01bbd47fc00a2c39e90264f33305004495a9","hash":"f9a0ae14d295dac6f687e75625ee2c4361b4def8"}
,"C:\\Users\\usuario\\Documents\\podbook\\front\\src\\app\\components\\form-field\\form-field.component.ts": {"path":"C:\\Users\\usuario\\Documents\\podbook\\front\\src\\app\\components\\form-field\\form-field.component.ts","statementMap":{"0":{"start":{"line":1,"column":0},"end":{"line":1,"column":113}},"1":{"start":{"line":2,"column":0},"end":{"line":2,"column":45}},"2":{"start":{"line":4,"column":0},"end":{"line":4,"column":31}},"3":{"start":{"line":5,"column":0},"end":{"line":5,"column":79}},"4":{"start":{"line":6,"column":0},"end":{"line":6,"column":107}},"5":{"start":{"line":7,"column":0},"end":{"line":7,"column":94}},"6":{"start":{"line":8,"column":0},"end":{"line":8,"column":46}},"7":{"start":{"line":9,"column":0},"end":{"line":9,"column":44}},"8":{"start":{"line":16,"column":31},"end":{"line":139,"column":null}},"9":{"start":{"line":18,"column":12},"end":{"line":18,"column":48}},"10":{"start":{"line":21,"column":2},"end":{"line":21,"column":28}},"11":{"start":{"line":23,"column":2},"end":{"line":23,"column":30}},"12":{"start":{"line":25,"column":2},"end":{"line":25,"column":27}},"13":{"start":{"line":28,"column":2},"end":{"line":28,"column":24}},"14":{"start":{"line":31,"column":2},"end":{"line":31,"column":17}},"15":{"start":{"line":34,"column":2},"end":{"line":34,"column":32}},"16":{"start":{"line":37,"column":2},"end":{"line":37,"column":19}},"17":{"start":{"line":40,"column":2},"end":{"line":40,"column":13}},"18":{"start":{"line":43,"column":2},"end":{"line":47,"column":5}},"19":{"start":{"line":49,"column":2},"end":{"line":49,"column":37}},"20":{"start":{"line":53,"column":4},"end":{"line":53,"column":25}},"21":{"start":{"line":54,"column":4},"end":{"line":54,"column":27}},"22":{"start":{"line":59,"column":4},"end":{"line":75,"column":9}},"23":{"start":{"line":67,"column":8},"end":{"line":67,"column":48}},"24":{"start":{"line":69,"column":8},"end":{"line":69,"column":32}},"25":{"start":{"line":71,"column":8},"end":{"line":71,"column":27}},"26":{"start":{"line":73,"column":8},"end":{"line":73,"column":36}},"27":{"start":{"line":80,"column":23},"end":{"line":86,"column":8}},"28":{"start":{"line":82,"column":7},"end":{"line":85,"column":8}},"29":{"start":{"line":88,"column":4},"end":{"line":97,"column":null}},"30":{"start":{"line":90,"column":6},"end":{"line":90,"column":59}},"31":{"start":{"line":94,"column":6},"end":{"line":96,"column":null}},"32":{"start":{"line":95,"column":8},"end":{"line":95,"column":67}},"33":{"start":{"line":102,"column":4},"end":{"line":105,"column":7}},"34":{"start":{"line":104,"column":6},"end":{"line":104,"column":null}},"35":{"start":{"line":104,"column":46},"end":{"line":104,"column":null}},"36":{"start":{"line":107,"column":20},"end":{"line":107,"column":133}},"37":{"start":{"line":107,"column":58},"end":{"line":107,"column":133}},"38":{"start":{"line":109,"column":4},"end":{"line":109,"column":32}},"39":{"start":{"line":109,"column":25},"end":{"line":109,"column":32}},"40":{"start":{"line":111,"column":4},"end":{"line":111,"column":75}},"41":{"start":{"line":115,"column":21},"end":{"line":115,"column":58}},"42":{"start":{"line":117,"column":4},"end":{"line":117,"column":20}},"43":{"start":{"line":121,"column":4},"end":{"line":121,"column":27}},"44":{"start":{"line":122,"column":4},"end":{"line":122,"column":67}},"45":{"start":{"line":127,"column":27},"end":{"line":130,"column":null}},"46":{"start":{"line":132,"column":4},"end":{"line":132,"column":26}},"47":{"start":{"line":136,"column":4},"end":{"line":136,"column":25}},"48":{"start":{"line":137,"column":4},"end":{"line":137,"column":29}},"49":{"start":{"line":16,"column":13},"end":{"line":139,"column":null}},"50":{"start":{"line":16,"column":13},"end":{"line":16,"column":31}}},"fnMap":{"0":{"name":"(anonymous_1)","decl":{"start":{"line":51,"column":2},"end":{"line":51,"column":10}},"loc":{"start":{"line":51,"column":10},"end":{"line":56,"column":3}}},"1":{"name":"(anonymous_2)","decl":{"start":{"line":58,"column":2},"end":{"line":58,"column":17}},"loc":{"start":{"line":58,"column":17},"end":{"line":76,"column":3}}},"2":{"name":"(anonymous_3)","decl":{"start":{"line":65,"column":17},"end":{"line":65,"column":18}},"loc":{"start":{"line":65,"column":35},"end":{"line":75,"column":7}}},"3":{"name":"(anonymous_4)","decl":{"start":{"line":79,"column":2},"end":{"line":79,"column":15}},"loc":{"start":{"line":79,"column":15},"end":{"line":99,"column":3}}},"4":{"name":"(anonymous_5)","decl":{"start":{"line":81,"column":27},"end":{"line":81,"column":34}},"loc":{"start":{"line":82,"column":7},"end":{"line":85,"column":8}}},"5":{"name":"(anonymous_6)","decl":{"start":{"line":94,"column":31},"end":{"line":94,"column":34}},"loc":{"start":{"line":94,"column":37},"end":{"line":96,"column":7}}},"6":{"name":"(anonymous_7)","decl":{"start":{"line":101,"column":2},"end":{"line":101,"column":22}},"loc":{"start":{"line":101,"column":22},"end":{"line":112,"column":3}}},"7":{"name":"(anonymous_8)","decl":{"start":{"line":102,"column":25},"end":{"line":102,"column":29}},"loc":{"start":{"line":102,"column":32},"end":{"line":105,"column":5}}},"8":{"name":"(anonymous_9)","decl":{"start":{"line":107,"column":44},"end":{"line":107,"column":54}},"loc":{"start":{"line":107,"column":57},"end":{"line":107,"column":133}}},"9":{"name":"(anonymous_10)","decl":{"start":{"line":114,"column":2},"end":{"line":114,"column":18}},"loc":{"start":{"line":114,"column":18},"end":{"line":118,"column":3}}},"10":{"name":"(anonymous_11)","decl":{"start":{"line":120,"column":2},"end":{"line":120,"column":18}},"loc":{"start":{"line":120,"column":31},"end":{"line":123,"column":3}}},"11":{"name":"(anonymous_12)","decl":{"start":{"line":125,"column":2},"end":{"line":125,"column":6}},"loc":{"start":{"line":125,"column":28},"end":{"line":133,"column":3}}},"12":{"name":"(anonymous_13)","decl":{"start":{"line":135,"column":2},"end":{"line":135,"column":13}},"loc":{"start":{"line":135,"column":13},"end":{"line":138,"column":3}}}},"branchMap":{"0":{"loc":{"start":{"line":88,"column":4},"end":{"line":97,"column":null}},"type":"if","locations":[{"start":{"line":88,"column":4},"end":{"line":97,"column":null}},{"start":{"line":88,"column":4},"end":{"line":97,"column":null}}]},"1":{"loc":{"start":{"line":104,"column":6},"end":{"line":104,"column":null}},"type":"if","locations":[{"start":{"line":104,"column":6},"end":{"line":104,"column":null}},{"start":{"line":104,"column":6},"end":{"line":104,"column":null}}]},"2":{"loc":{"start":{"line":107,"column":58},"end":{"line":107,"column":132}},"type":"cond-expr","locations":[{"start":{"line":107,"column":75},"end":{"line":107,"column":77}},{"start":{"line":107,"column":75},"end":{"line":107,"column":132}}]},"3":{"loc":{"start":{"line":107,"column":58},"end":{"line":107,"column":77}},"type":"binary-expr","locations":[{"start":{"line":107,"column":58},"end":{"line":107,"column":77}},{"start":{"line":107,"column":75},"end":{"line":107,"column":77}}]},"4":{"loc":{"start":{"line":109,"column":4},"end":{"line":109,"column":32}},"type":"if","locations":[{"start":{"line":109,"column":4},"end":{"line":109,"column":32}},{"start":{"line":109,"column":4},"end":{"line":109,"column":32}}]},"5":{"loc":{"start":{"line":122,"column":29},"end":{"line":122,"column":66}},"type":"cond-expr","locations":[{"start":{"line":122,"column":54},"end":{"line":122,"column":59}},{"start":{"line":122,"column":62},"end":{"line":122,"column":66}}]},"6":{"loc":{"start":{"line":128,"column":19},"end":{"line":128,"column":87}},"type":"cond-expr","locations":[{"start":{"line":128,"column":44},"end":{"line":128,"column":64}},{"start":{"line":128,"column":67},"end":{"line":128,"column":87}}]},"7":{"loc":{"start":{"line":129,"column":12},"end":{"line":129,"column":56}},"type":"cond-expr","locations":[{"start":{"line":129,"column":37},"end":{"line":129,"column":43}},{"start":{"line":129,"column":46},"end":{"line":129,"column":56}}]}},"s":{"0":6,"1":6,"2":6,"3":6,"4":6,"5":6,"6":6,"7":6,"8":6,"9":61,"10":61,"11":61,"12":61,"13":61,"14":61,"15":61,"16":61,"17":61,"18":61,"19":61,"20":58,"21":58,"22":58,"23":2,"24":2,"25":2,"26":2,"27":61,"28":83,"29":60,"30":60,"31":0,"32":0,"33":3,"34":3,"35":2,"36":3,"37":3,"38":3,"39":2,"40":1,"41":115,"42":115,"43":2,"44":2,"45":26,"46":26,"47":53,"48":53,"49":6,"50":6},"f":{"0":58,"1":58,"2":2,"3":61,"4":83,"5":0,"6":3,"7":3,"8":3,"9":115,"10":2,"11":26,"12":53},"b":{"0":[60,0],"1":[2,1],"2":[2,1],"3":[3,1],"4":[2,1],"5":[1,1],"6":[1,25],"7":[1,25]}}
,"C:\\Users\\usuario\\Documents\\podbook\\front\\src\\app\\components\\form-field\\form-field.module.ts": {"path":"C:\\Users\\usuario\\Documents\\podbook\\front\\src\\app\\components\\form-field\\form-field.module.ts","statementMap":{"0":{"start":{"line":1,"column":0},"end":{"line":1,"column":47}},"1":{"start":{"line":2,"column":0},"end":{"line":2,"column":41}},"2":{"start":{"line":3,"column":0},"end":{"line":3,"column":53}},"3":{"start":{"line":4,"column":0},"end":{"line":4,"column":60}},"4":{"start":{"line":11,"column":28},"end":{"line":11,"column":null}},"5":{"start":{"line":11,"column":13},"end":{"line":11,"column":null}},"6":{"start":{"line":11,"column":13},"end":{"line":11,"column":28}}},"fnMap":{},"branchMap":{},"s":{"0":5,"1":5,"2":5,"3":5,"4":5,"5":5,"6":5},"f":{},"b":{}}
,"C:\\Users\\usuario\\Documents\\podbook\\front\\src\\app\\components\\form-field\\types\\FormField.ts": {"path":"C:\\Users\\usuario\\Documents\\podbook\\front\\src\\app\\components\\form-field\\types\\FormField.ts","statementMap":{"0":{"start":{"line":1,"column":0},"end":{"line":1,"column":45}},"1":{"start":{"line":12,"column":4},"end":{"line":12,"column":26}},"2":{"start":{"line":13,"column":4},"end":{"line":13,"column":19}},"3":{"start":{"line":14,"column":4},"end":{"line":14,"column":34}},"4":{"start":{"line":15,"column":4},"end":{"line":15,"column":21}},"5":{"start":{"line":10,"column":0},"end":{"line":10,"column":22}},"6":{"start":{"line":28,"column":13},"end":{"line":30,"column":2}}},"fnMap":{"0":{"name":"(anonymous_0)","decl":{"start":{"line":10,"column":0},"end":{"line":10,"column":22}},"loc":{"start":{"line":10,"column":0},"end":{"line":19,"column":1}}}},"branchMap":{},"s":{"0":6,"1":0,"2":0,"3":0,"4":0,"5":6,"6":6},"f":{"0":0},"b":{}}
,"C:\\Users\\usuario\\Documents\\podbook\\front\\src\\app\\components\\form-field\\types\\Validators.ts": {"path":"C:\\Users\\usuario\\Documents\\podbook\\front\\src\\app\\components\\form-field\\types\\Validators.ts","statementMap":{"0":{"start":{"line":1,"column":0},"end":{"line":1,"column":70}},"1":{"start":{"line":3,"column":28},"end":{"line":3,"column":41}},"2":{"start":{"line":7,"column":4},"end":{"line":11,"column":null}},"3":{"start":{"line":10,"column":35},"end":{"line":10,"column":63}},"4":{"start":{"line":13,"column":43},"end":{"line":20,"column":1}},"5":{"start":{"line":15,"column":34},"end":{"line":15,"column":114}},"6":{"start":{"line":17,"column":4},"end":{"line":19,"column":6}},"7":{"start":{"line":18,"column":8},"end":{"line":18,"column":null}},"8":{"start":{"line":13,"column":13},"end":{"line":13,"column":43}},"9":{"start":{"line":22,"column":30},"end":{"line":44,"column":1}},"10":{"start":{"line":24,"column":36},"end":{"line":24,"column":38}},"11":{"start":{"line":26,"column":4},"end":{"line":26,"column":27}},"12":{"start":{"line":26,"column":15},"end":{"line":26,"column":27}},"13":{"start":{"line":28,"column":4},"end":{"line":41,"column":null}},"14":{"start":{"line":30,"column":36},"end":{"line":30,"column":69}},"15":{"start":{"line":34,"column":8},"end":{"line":38,"column":null}},"16":{"start":{"line":35,"column":12},"end":{"line":35,"column":null}},"17":{"start":{"line":37,"column":12},"end":{"line":37,"column":null}},"18":{"start":{"line":40,"column":8},"end":{"line":40,"column":94}},"19":{"start":{"line":40,"column":49},"end":{"line":40,"column":94}},"20":{"start":{"line":43,"column":4},"end":{"line":43,"column":22}},"21":{"start":{"line":22,"column":13},"end":{"line":22,"column":30}}},"fnMap":{"0":{"name":"(anonymous_0)","decl":{"start":{"line":10,"column":15},"end":{"line":10,"column":16}},"loc":{"start":{"line":10,"column":35},"end":{"line":10,"column":63}}},"1":{"name":"(anonymous_1)","decl":{"start":{"line":13,"column":43},"end":{"line":13,"column":44}},"loc":{"start":{"line":13,"column":66},"end":{"line":20,"column":1}}},"2":{"name":"(anonymous_2)","decl":{"start":{"line":22,"column":30},"end":{"line":22,"column":31}},"loc":{"start":{"line":22,"column":75},"end":{"line":44,"column":1}}},"3":{"name":"(anonymous_3)","decl":{"start":{"line":28,"column":17},"end":{"line":28,"column":18}},"loc":{"start":{"line":28,"column":40},"end":{"line":41,"column":5}}}},"branchMap":{"0":{"loc":{"start":{"line":15,"column":34},"end":{"line":15,"column":114}},"type":"binary-expr","locations":[{"start":{"line":15,"column":34},"end":{"line":15,"column":84}},{"start":{"line":15,"column":88},"end":{"line":15,"column":114}}]},"1":{"loc":{"start":{"line":17,"column":4},"end":{"line":19,"column":6}},"type":"if","locations":[{"start":{"line":17,"column":4},"end":{"line":19,"column":6}},{"start":{"line":17,"column":4},"end":{"line":19,"column":6}}]},"2":{"loc":{"start":{"line":26,"column":4},"end":{"line":26,"column":27}},"type":"if","locations":[{"start":{"line":26,"column":4},"end":{"line":26,"column":27}},{"start":{"line":26,"column":4},"end":{"line":26,"column":27}}]},"3":{"loc":{"start":{"line":34,"column":8},"end":{"line":38,"column":null}},"type":"if","locations":[{"start":{"line":34,"column":8},"end":{"line":38,"column":null}},{"start":{"line":34,"column":8},"end":{"line":38,"column":null}}]},"4":{"loc":{"start":{"line":40,"column":8},"end":{"line":40,"column":94}},"type":"if","locations":[{"start":{"line":40,"column":8},"end":{"line":40,"column":94}},{"start":{"line":40,"column":8},"end":{"line":40,"column":94}}]}},"s":{"0":6,"1":6,"2":6,"3":2,"4":6,"5":2,"6":2,"7":1,"8":6,"9":6,"10":54,"11":54,"12":0,"13":54,"14":77,"15":77,"16":2,"17":75,"18":77,"19":67,"20":54,"21":6},"f":{"0":2,"1":2,"2":54,"3":77},"b":{"0":[2,1],"1":[1,1],"2":[0,54],"3":[2,75],"4":[67,10]}}
,"C:\\Users\\usuario\\Documents\\podbook\\front\\src\\app\\components\\form-field\\utils\\IconManager.ts": {"path":"C:\\Users\\usuario\\Documents\\podbook\\front\\src\\app\\components\\form-field\\utils\\IconManager.ts","statementMap":{"0":{"start":{"line":5,"column":4},"end":{"line":5,"column":47}},"1":{"start":{"line":5,"column":30},"end":{"line":5,"column":47}},"2":{"start":{"line":7,"column":17},"end":{"line":7,"column":70}},"3":{"start":{"line":7,"column":45},"end":{"line":7,"column":66}},"4":{"start":{"line":9,"column":4},"end":{"line":9,"column":16}},"5":{"start":{"line":3,"column":0},"end":{"line":3,"column":16}}},"fnMap":{"0":{"name":"getIcon","decl":{"start":{"line":3,"column":16},"end":{"line":3,"column":23}},"loc":{"start":{"line":3,"column":72},"end":{"line":10,"column":1}}},"1":{"name":"(anonymous_1)","decl":{"start":{"line":7,"column":37},"end":{"line":7,"column":41}},"loc":{"start":{"line":7,"column":45},"end":{"line":7,"column":66}}}},"branchMap":{"0":{"loc":{"start":{"line":5,"column":4},"end":{"line":5,"column":47}},"type":"if","locations":[{"start":{"line":5,"column":4},"end":{"line":5,"column":47}},{"start":{"line":5,"column":4},"end":{"line":5,"column":47}}]}},"s":{"0":115,"1":0,"2":115,"3":115,"4":115,"5":6},"f":{"0":115,"1":115},"b":{"0":[0,115]}}
,"C:\\Users\\usuario\\Documents\\podbook\\front\\src\\app\\components\\form-field\\utils\\UniqueId.ts": {"path":"C:\\Users\\usuario\\Documents\\podbook\\front\\src\\app\\components\\form-field\\utils\\UniqueId.ts","statementMap":{"0":{"start":{"line":6,"column":8},"end":{"line":6,"column":44}},"1":{"start":{"line":10,"column":8},"end":{"line":10,"column":72}},"2":{"start":{"line":1,"column":0},"end":{"line":1,"column":13}},"3":{"start":{"line":3,"column":19},"end":{"line":3,"column":26}}},"fnMap":{"0":{"name":"(anonymous_0)","decl":{"start":{"line":5,"column":12},"end":{"line":5,"column":18}},"loc":{"start":{"line":5,"column":41},"end":{"line":7,"column":5}}},"1":{"name":"(anonymous_1)","decl":{"start":{"line":9,"column":4},"end":{"line":9,"column":10}},"loc":{"start":{"line":9,"column":16},"end":{"line":11,"column":5}}}},"branchMap":{},"s":{"0":61,"1":61,"2":6,"3":6},"f":{"0":61,"1":61},"b":{}}
,"C:\\Users\\usuario\\Documents\\podbook\\front\\src\\app\\components\\menu\\menu.component.html": {"path":"C:\\Users\\usuario\\Documents\\podbook\\front\\src\\app\\components\\menu\\menu.component.html","statementMap":{"0":{"start":{"line":1,"column":0},"end":{"line":1,"column":1665}}},"fnMap":{},"branchMap":{},"s":{"0":1},"f":{},"b":{},"inputSourceMap":null,"_coverageSchema":"1a1c01bbd47fc00a2c39e90264f33305004495a9","hash":"acf6a0ca3c62d3fb3214e1372a0f71512ee9059e"}
,"C:\\Users\\usuario\\Documents\\podbook\\front\\src\\app\\components\\menu\\menu.component.ts": {"path":"C:\\Users\\usuario\\Documents\\podbook\\front\\src\\app\\components\\menu\\menu.component.ts","statementMap":{"0":{"start":{"line":1,"column":0},"end":{"line":1,"column":53}},"1":{"start":{"line":2,"column":0},"end":{"line":2,"column":24}},"2":{"start":{"line":3,"column":0},"end":{"line":3,"column":9}},"3":{"start":{"line":12,"column":26},"end":{"line":63,"column":null}},"4":{"start":{"line":36,"column":22},"end":{"line":36,"column":29}},"5":{"start":{"line":36,"column":45},"end":{"line":36,"column":58}},"6":{"start":{"line":16,"column":2},"end":{"line":28,"column":4}},"7":{"start":{"line":30,"column":2},"end":{"line":30,"column":18}},"8":{"start":{"line":38,"column":4},"end":{"line":39,"column":93}},"9":{"start":{"line":39,"column":26},"end":{"line":39,"column":91}},"10":{"start":{"line":33,"column":4},"end":{"line":33,"column":38}},"11":{"start":{"line":43,"column":4},"end":{"line":45,"column":7}},"12":{"start":{"line":44,"column":6},"end":{"line":44,"column":76}},"13":{"start":{"line":47,"column":4},"end":{"line":47,"column":36}},"14":{"start":{"line":52,"column":4},"end":{"line":52,"column":47}},"15":{"start":{"line":56,"column":4},"end":{"line":56,"column":30}},"16":{"start":{"line":57,"column":4},"end":{"line":57,"column":38}},"17":{"start":{"line":61,"column":4},"end":{"line":61,"column":36}},"18":{"start":{"line":12,"column":13},"end":{"line":63,"column":null}},"19":{"start":{"line":12,"column":13},"end":{"line":12,"column":26}}},"fnMap":{"0":{"name":"(anonymous_0)","decl":{"start":{"line":36,"column":2},"end":{"line":36,"column":22}},"loc":{"start":{"line":36,"column":69},"end":{"line":40,"column":3}}},"1":{"name":"(anonymous_1)","decl":{"start":{"line":39,"column":17},"end":{"line":39,"column":22}},"loc":{"start":{"line":39,"column":26},"end":{"line":39,"column":91}}},"2":{"name":"(anonymous_2)","decl":{"start":{"line":32,"column":2},"end":{"line":32,"column":6}},"loc":{"start":{"line":32,"column":23},"end":{"line":34,"column":3}}},"3":{"name":"(anonymous_3)","decl":{"start":{"line":42,"column":2},"end":{"line":42,"column":12}},"loc":{"start":{"line":42,"column":51},"end":{"line":49,"column":3}}},"4":{"name":"(anonymous_4)","decl":{"start":{"line":43,"column":23},"end":{"line":43,"column":27}},"loc":{"start":{"line":43,"column":30},"end":{"line":45,"column":5}}},"5":{"name":"(anonymous_5)","decl":{"start":{"line":51,"column":2},"end":{"line":51,"column":17}},"loc":{"start":{"line":51,"column":32},"end":{"line":53,"column":3}}},"6":{"name":"(anonymous_6)","decl":{"start":{"line":55,"column":2},"end":{"line":55,"column":8}},"loc":{"start":{"line":55,"column":8},"end":{"line":58,"column":3}}},"7":{"name":"(anonymous_7)","decl":{"start":{"line":60,"column":2},"end":{"line":60,"column":13}},"loc":{"start":{"line":60,"column":13},"end":{"line":62,"column":3}}}},"branchMap":{"0":{"loc":{"start":{"line":39,"column":26},"end":{"line":39,"column":91}},"type":"cond-expr","locations":[{"start":{"line":39,"column":59},"end":{"line":39,"column":86}},{"start":{"line":39,"column":89},"end":{"line":39,"column":91}}]},"1":{"loc":{"start":{"line":44,"column":6},"end":{"line":44,"column":75}},"type":"cond-expr","locations":[{"start":{"line":44,"column":35},"end":{"line":44,"column":53}},{"start":{"line":44,"column":56},"end":{"line":44,"column":75}}]}},"s":{"0":1,"1":1,"2":1,"3":1,"4":5,"5":5,"6":5,"7":5,"8":5,"9":4,"10":20,"11":0,"12":0,"13":0,"14":21,"15":2,"16":2,"17":5,"18":1,"19":1},"f":{"0":5,"1":4,"2":20,"3":0,"4":0,"5":21,"6":2,"7":5},"b":{"0":[0,4],"1":[0,0]}}
,"C:\\Users\\usuario\\Documents\\podbook\\front\\src\\app\\components\\menu\\directives\\menu.directive.ts": {"path":"C:\\Users\\usuario\\Documents\\podbook\\front\\src\\app\\components\\menu\\directives\\menu.directive.ts","statementMap":{"0":{"start":{"line":1,"column":0},"end":{"line":1,"column":62}},"1":{"start":{"line":6,"column":26},"end":{"line":26,"column":null}},"2":{"start":{"line":9,"column":11},"end":{"line":9,"column":26}},"3":{"start":{"line":10,"column":11},"end":{"line":10,"column":55}},"4":{"start":{"line":14,"column":4},"end":{"line":14,"column":23}},"5":{"start":{"line":19,"column":4},"end":{"line":19,"column":54}},"6":{"start":{"line":23,"column":4},"end":{"line":23,"column":55}},"7":{"start":{"line":6,"column":13},"end":{"line":26,"column":null}},"8":{"start":{"line":6,"column":13},"end":{"line":6,"column":26}}},"fnMap":{"0":{"name":"(anonymous_1)","decl":{"start":{"line":13,"column":2},"end":{"line":13,"column":3}},"loc":{"start":{"line":13,"column":45},"end":{"line":15,"column":3}}},"1":{"name":"(anonymous_2)","decl":{"start":{"line":17,"column":2},"end":{"line":17,"column":3}},"loc":{"start":{"line":17,"column":47},"end":{"line":20,"column":3}}},"2":{"name":"(anonymous_3)","decl":{"start":{"line":22,"column":2},"end":{"line":22,"column":3}},"loc":{"start":{"line":22,"column":45},"end":{"line":24,"column":3}}}},"branchMap":{"0":{"loc":{"start":{"line":19,"column":11},"end":{"line":19,"column":53}},"type":"binary-expr","locations":[{"start":{"line":19,"column":11},"end":{"line":19,"column":37}},{"start":{"line":19,"column":41},"end":{"line":19,"column":53}}]},"1":{"loc":{"start":{"line":23,"column":11},"end":{"line":23,"column":54}},"type":"binary-expr","locations":[{"start":{"line":23,"column":11},"end":{"line":23,"column":37}},{"start":{"line":23,"column":41},"end":{"line":23,"column":54}}]}},"s":{"0":2,"1":2,"2":21,"3":21,"4":40,"5":40,"6":40,"7":2,"8":2},"f":{"0":40,"1":40,"2":40},"b":{"0":[40,40],"1":[40,40]}}
,"C:\\Users\\usuario\\Documents\\podbook\\front\\src\\app\\components\\select\\select.component.html": {"path":"C:\\Users\\usuario\\Documents\\podbook\\front\\src\\app\\components\\select\\select.component.html","statementMap":{"0":{"start":{"line":1,"column":0},"end":{"line":1,"column":1569}}},"fnMap":{},"branchMap":{},"s":{"0":1},"f":{},"b":{},"inputSourceMap":null,"_coverageSchema":"1a1c01bbd47fc00a2c39e90264f33305004495a9","hash":"6a27b85bb33b96b31b8aa03c1ee7b1880d0fc650"}
,"C:\\Users\\usuario\\Documents\\podbook\\front\\src\\app\\components\\select\\select.component.ts": {"path":"C:\\Users\\usuario\\Documents\\podbook\\front\\src\\app\\components\\select\\select.component.ts","statementMap":{"0":{"start":{"line":1,"column":0},"end":{"line":1,"column":127}},"1":{"start":{"line":2,"column":0},"end":{"line":2,"column":57}},"2":{"start":{"line":11,"column":28},"end":{"line":68,"column":null}},"3":{"start":{"line":13,"column":12},"end":{"line":13,"column":48}},"4":{"start":{"line":19,"column":2},"end":{"line":19,"column":null}},"5":{"start":{"line":21,"column":2},"end":{"line":21,"column":17}},"6":{"start":{"line":23,"column":2},"end":{"line":23,"column":30}},"7":{"start":{"line":26,"column":2},"end":{"line":26,"column":25}},"8":{"start":{"line":29,"column":2},"end":{"line":29,"column":null}},"9":{"start":{"line":32,"column":2},"end":{"line":32,"column":null}},"10":{"start":{"line":35,"column":2},"end":{"line":35,"column":null}},"11":{"start":{"line":38,"column":2},"end":{"line":38,"column":19}},"12":{"start":{"line":40,"column":2},"end":{"line":40,"column":13}},"13":{"start":{"line":43,"column":23},"end":{"line":45,"column":null}},"14":{"start":{"line":44,"column":22},"end":{"line":44,"column":69}},"15":{"start":{"line":47,"column":4},"end":{"line":47,"column":43}},"16":{"start":{"line":52,"column":4},"end":{"line":52,"column":24}},"17":{"start":{"line":56,"column":4},"end":{"line":56,"column":23}},"18":{"start":{"line":60,"column":4},"end":{"line":60,"column":61}},"19":{"start":{"line":64,"column":4},"end":{"line":64,"column":37}},"20":{"start":{"line":65,"column":4},"end":{"line":65,"column":31}},"21":{"start":{"line":66,"column":4},"end":{"line":66,"column":40}},"22":{"start":{"line":11,"column":13},"end":{"line":68,"column":null}},"23":{"start":{"line":11,"column":13},"end":{"line":11,"column":28}}},"fnMap":{"0":{"name":"(anonymous_1)","decl":{"start":{"line":42,"column":2},"end":{"line":42,"column":10}},"loc":{"start":{"line":42,"column":10},"end":{"line":49,"column":3}}},"1":{"name":"(anonymous_2)","decl":{"start":{"line":44,"column":16},"end":{"line":44,"column":19}},"loc":{"start":{"line":44,"column":22},"end":{"line":44,"column":69}}},"2":{"name":"(anonymous_3)","decl":{"start":{"line":51,"column":2},"end":{"line":51,"column":15}},"loc":{"start":{"line":51,"column":15},"end":{"line":53,"column":3}}},"3":{"name":"(anonymous_4)","decl":{"start":{"line":55,"column":2},"end":{"line":55,"column":14}},"loc":{"start":{"line":55,"column":14},"end":{"line":57,"column":3}}},"4":{"name":"(anonymous_5)","decl":{"start":{"line":59,"column":2},"end":{"line":59,"column":14}},"loc":{"start":{"line":59,"column":14},"end":{"line":61,"column":3}}},"5":{"name":"(anonymous_6)","decl":{"start":{"line":63,"column":2},"end":{"line":63,"column":14}},"loc":{"start":{"line":63,"column":29},"end":{"line":67,"column":3}}}},"branchMap":{"0":{"loc":{"start":{"line":47,"column":4},"end":{"line":47,"column":42}},"type":"binary-expr","locations":[{"start":{"line":47,"column":4},"end":{"line":47,"column":17}},{"start":{"line":47,"column":21},"end":{"line":47,"column":42}}]},"1":{"loc":{"start":{"line":60,"column":4},"end":{"line":60,"column":60}},"type":"cond-expr","locations":[{"start":{"line":60,"column":18},"end":{"line":60,"column":38}},{"start":{"line":60,"column":41},"end":{"line":60,"column":60}}]}},"s":{"0":1,"1":1,"2":1,"3":6,"4":6,"5":6,"6":6,"7":6,"8":6,"9":6,"10":6,"11":6,"12":6,"13":7,"14":1,"15":7,"16":2,"17":2,"18":2,"19":0,"20":0,"21":0,"22":1,"23":1},"f":{"0":7,"1":1,"2":2,"3":2,"4":2,"5":0},"b":{"0":[7,1],"1":[1,1]}}
,"C:\\Users\\usuario\\Documents\\podbook\\front\\src\\app\\components\\stepper\\stepper.component.html": {"path":"C:\\Users\\usuario\\Documents\\podbook\\front\\src\\app\\components\\stepper\\stepper.component.html","statementMap":{"0":{"start":{"line":1,"column":0},"end":{"line":1,"column":771}}},"fnMap":{},"branchMap":{},"s":{"0":1},"f":{},"b":{},"inputSourceMap":null,"_coverageSchema":"1a1c01bbd47fc00a2c39e90264f33305004495a9","hash":"f98773b82c0ccf4e7afd2b80c463cc1477c5c2d0"}
,"C:\\Users\\usuario\\Documents\\podbook\\front\\src\\app\\components\\stepper\\stepper.component.ts": {"path":"C:\\Users\\usuario\\Documents\\podbook\\front\\src\\app\\components\\stepper\\stepper.component.ts","statementMap":{"0":{"start":{"line":1,"column":0},"end":{"line":1,"column":57}},"1":{"start":{"line":8,"column":29},"end":{"line":36,"column":null}},"2":{"start":{"line":16,"column":2},"end":{"line":16,"column":17}},"3":{"start":{"line":19,"column":2},"end":{"line":19,"column":75}},"4":{"start":{"line":22,"column":2},"end":{"line":22,"column":149}},"5":{"start":{"line":13,"column":4},"end":{"line":13,"column":null}},"6":{"start":{"line":26,"column":4},"end":{"line":26,"column":47}},"7":{"start":{"line":31,"column":4},"end":{"line":33,"column":null}},"8":{"start":{"line":32,"column":6},"end":{"line":32,"column":86}},"9":{"start":{"line":8,"column":13},"end":{"line":36,"column":null}},"10":{"start":{"line":8,"column":13},"end":{"line":8,"column":29}}},"fnMap":{"0":{"name":"(anonymous_0)","decl":{"start":{"line":10,"column":2},"end":{"line":10,"column":18}},"loc":{"start":{"line":10,"column":2},"end":{"line":10,"column":19}}},"1":{"name":"(anonymous_1)","decl":{"start":{"line":12,"column":2},"end":{"line":12,"column":10}},"loc":{"start":{"line":12,"column":10},"end":{"line":14,"column":3}}},"2":{"name":"(anonymous_2)","decl":{"start":{"line":25,"column":2},"end":{"line":25,"column":6}},"loc":{"start":{"line":25,"column":11},"end":{"line":27,"column":3}}},"3":{"name":"(anonymous_3)","decl":{"start":{"line":29,"column":10},"end":{"line":29,"column":38}},"loc":{"start":{"line":29,"column":38},"end":{"line":35,"column":3}}},"4":{"name":"(anonymous_4)","decl":{"start":{"line":31,"column":32},"end":{"line":31,"column":33}},"loc":{"start":{"line":31,"column":57},"end":{"line":33,"column":5}}}},"branchMap":{"0":{"loc":{"start":{"line":32,"column":22},"end":{"line":32,"column":33}},"type":"binary-expr","locations":[{"start":{"line":32,"column":22},"end":{"line":32,"column":27}},{"start":{"line":32,"column":31},"end":{"line":32,"column":33}}]},"1":{"loc":{"start":{"line":32,"column":48},"end":{"line":32,"column":83}},"type":"binary-expr","locations":[{"start":{"line":32,"column":48},"end":{"line":32,"column":77}},{"start":{"line":32,"column":81},"end":{"line":32,"column":83}}]}},"s":{"0":1,"1":1,"2":1,"3":1,"4":1,"5":1,"6":3,"7":3,"8":9,"9":1,"10":1},"f":{"0":1,"1":1,"2":3,"3":3,"4":9},"b":{"0":[9,0],"1":[9,0]}}
,"C:\\Users\\usuario\\Documents\\podbook\\front\\src\\app\\components\\style-list\\style-list.component.html": {"path":"C:\\Users\\usuario\\Documents\\podbook\\front\\src\\app\\components\\style-list\\style-list.component.html","statementMap":{"0":{"start":{"line":1,"column":0},"end":{"line":1,"column":519}}},"fnMap":{},"branchMap":{},"s":{"0":4},"f":{},"b":{},"inputSourceMap":null,"_coverageSchema":"1a1c01bbd47fc00a2c39e90264f33305004495a9","hash":"41f7da6cca5b72864d343969ae10ea7a13eb68d8"}
,"C:\\Users\\usuario\\Documents\\podbook\\front\\src\\app\\components\\style-list\\style-list.component.ts": {"path":"C:\\Users\\usuario\\Documents\\podbook\\front\\src\\app\\components\\style-list\\style-list.component.ts","statementMap":{"0":{"start":{"line":1,"column":0},"end":{"line":1,"column":72}},"1":{"start":{"line":2,"column":0},"end":{"line":2,"column":73}},"2":{"start":{"line":10,"column":31},"end":{"line":38,"column":null}},"3":{"start":{"line":12,"column":10},"end":{"line":12,"column":54}},"4":{"start":{"line":14,"column":12},"end":{"line":14,"column":66}},"5":{"start":{"line":17,"column":4},"end":{"line":17,"column":37}},"6":{"start":{"line":18,"column":4},"end":{"line":18,"column":22}},"7":{"start":{"line":22,"column":4},"end":{"line":22,"column":37}},"8":{"start":{"line":26,"column":4},"end":{"line":26,"column":37}},"9":{"start":{"line":27,"column":4},"end":{"line":27,"column":22}},"10":{"start":{"line":31,"column":4},"end":{"line":31,"column":43}},"11":{"start":{"line":34,"column":22},"end":{"line":34,"column":64}},"12":{"start":{"line":36,"column":22},"end":{"line":36,"column":64}},"13":{"start":{"line":10,"column":13},"end":{"line":38,"column":null}},"14":{"start":{"line":10,"column":13},"end":{"line":10,"column":31}}},"fnMap":{"0":{"name":"(anonymous_1)","decl":{"start":{"line":16,"column":2},"end":{"line":16,"column":14}},"loc":{"start":{"line":16,"column":14},"end":{"line":19,"column":3}}},"1":{"name":"(anonymous_2)","decl":{"start":{"line":21,"column":2},"end":{"line":21,"column":10}},"loc":{"start":{"line":21,"column":10},"end":{"line":23,"column":3}}},"2":{"name":"(anonymous_3)","decl":{"start":{"line":25,"column":2},"end":{"line":25,"column":14}},"loc":{"start":{"line":25,"column":14},"end":{"line":28,"column":3}}},"3":{"name":"(anonymous_4)","decl":{"start":{"line":30,"column":2},"end":{"line":30,"column":12}},"loc":{"start":{"line":30,"column":12},"end":{"line":32,"column":3}}},"4":{"name":"(anonymous_5)","decl":{"start":{"line":34,"column":2},"end":{"line":34,"column":6}},"loc":{"start":{"line":34,"column":17},"end":{"line":34,"column":66}}},"5":{"name":"(anonymous_6)","decl":{"start":{"line":36,"column":2},"end":{"line":36,"column":6}},"loc":{"start":{"line":36,"column":17},"end":{"line":36,"column":66}}}},"branchMap":{},"s":{"0":4,"1":4,"2":4,"3":4,"4":4,"5":2,"6":2,"7":7,"8":1,"9":1,"10":3,"11":9,"12":9,"13":4,"14":4},"f":{"0":2,"1":7,"2":1,"3":3,"4":9,"5":9},"b":{}}
,"C:\\Users\\usuario\\Documents\\podbook\\front\\src\\app\\components\\style-list\\style-list.module.ts": {"path":"C:\\Users\\usuario\\Documents\\podbook\\front\\src\\app\\components\\style-list\\style-list.module.ts","statementMap":{"0":{"start":{"line":1,"column":0},"end":{"line":1,"column":47}},"1":{"start":{"line":2,"column":0},"end":{"line":2,"column":41}},"2":{"start":{"line":3,"column":0},"end":{"line":3,"column":60}},"3":{"start":{"line":10,"column":28},"end":{"line":10,"column":null}},"4":{"start":{"line":10,"column":13},"end":{"line":10,"column":null}},"5":{"start":{"line":10,"column":13},"end":{"line":10,"column":28}}},"fnMap":{},"branchMap":{},"s":{"0":3,"1":3,"2":3,"3":3,"4":3,"5":3},"f":{},"b":{}}
,"C:\\Users\\usuario\\Documents\\podbook\\front\\src\\app\\components\\tab\\tab.component.html": {"path":"C:\\Users\\usuario\\Documents\\podbook\\front\\src\\app\\components\\tab\\tab.component.html","statementMap":{"0":{"start":{"line":1,"column":0},"end":{"line":1,"column":373}}},"fnMap":{},"branchMap":{},"s":{"0":4},"f":{},"b":{},"inputSourceMap":null,"_coverageSchema":"1a1c01bbd47fc00a2c39e90264f33305004495a9","hash":"9ada0b83a4416b8bf72862ded162759e85ad6e81"}
,"C:\\Users\\usuario\\Documents\\podbook\\front\\src\\app\\components\\tab\\tab.component.ts": {"path":"C:\\Users\\usuario\\Documents\\podbook\\front\\src\\app\\components\\tab\\tab.component.ts","statementMap":{"0":{"start":{"line":1,"column":0},"end":{"line":1,"column":120}},"1":{"start":{"line":3,"column":0},"end":{"line":3,"column":65}},"2":{"start":{"line":12,"column":25},"end":{"line":44,"column":null}},"3":{"start":{"line":18,"column":2},"end":{"line":18,"column":19}},"4":{"start":{"line":21,"column":4},"end":{"line":21,"column":27}},"5":{"start":{"line":26,"column":4},"end":{"line":26,"column":26}},"6":{"start":{"line":28,"column":4},"end":{"line":28,"column":null}},"7":{"start":{"line":28,"column":29},"end":{"line":28,"column":51}},"8":{"start":{"line":30,"column":4},"end":{"line":30,"column":33}},"9":{"start":{"line":35,"column":28},"end":{"line":35,"column":63}},"10":{"start":{"line":35,"column":50},"end":{"line":35,"column":62}},"11":{"start":{"line":37,"column":4},"end":{"line":41,"column":null}},"12":{"start":{"line":38,"column":6},"end":{"line":40,"column":9}},"13":{"start":{"line":39,"column":8},"end":{"line":39,"column":51}},"14":{"start":{"line":39,"column":25},"end":{"line":39,"column":51}},"15":{"start":{"line":12,"column":13},"end":{"line":44,"column":null}},"16":{"start":{"line":12,"column":13},"end":{"line":12,"column":25}}},"fnMap":{"0":{"name":"(anonymous_1)","decl":{"start":{"line":20,"column":2},"end":{"line":20,"column":20}},"loc":{"start":{"line":20,"column":20},"end":{"line":22,"column":3}}},"1":{"name":"(anonymous_2)","decl":{"start":{"line":24,"column":2},"end":{"line":24,"column":11}},"loc":{"start":{"line":24,"column":40},"end":{"line":31,"column":3}}},"2":{"name":"(anonymous_3)","decl":{"start":{"line":28,"column":22},"end":{"line":28,"column":25}},"loc":{"start":{"line":28,"column":29},"end":{"line":28,"column":51}}},"3":{"name":"(anonymous_4)","decl":{"start":{"line":33,"column":2},"end":{"line":33,"column":17}},"loc":{"start":{"line":33,"column":17},"end":{"line":42,"column":3}}},"4":{"name":"(anonymous_5)","decl":{"start":{"line":35,"column":43},"end":{"line":35,"column":46}},"loc":{"start":{"line":35,"column":50},"end":{"line":35,"column":62}}},"5":{"name":"(anonymous_6)","decl":{"start":{"line":38,"column":24},"end":{"line":38,"column":25}},"loc":{"start":{"line":38,"column":43},"end":{"line":40,"column":7}}}},"branchMap":{"0":{"loc":{"start":{"line":37,"column":4},"end":{"line":41,"column":null}},"type":"if","locations":[{"start":{"line":37,"column":4},"end":{"line":41,"column":null}},{"start":{"line":37,"column":4},"end":{"line":41,"column":null}}]},"1":{"loc":{"start":{"line":39,"column":8},"end":{"line":39,"column":51}},"type":"if","locations":[{"start":{"line":39,"column":8},"end":{"line":39,"column":51}},{"start":{"line":39,"column":8},"end":{"line":39,"column":51}}]}},"s":{"0":4,"1":4,"2":4,"3":5,"4":7,"5":1,"6":1,"7":0,"8":1,"9":8,"10":0,"11":8,"12":8,"13":0,"14":0,"15":4,"16":4},"f":{"0":7,"1":1,"2":0,"3":8,"4":0,"5":0},"b":{"0":[8,0],"1":[0,0]}}
,"C:\\Users\\usuario\\Documents\\podbook\\front\\src\\app\\components\\tab\\tab.module.ts": {"path":"C:\\Users\\usuario\\Documents\\podbook\\front\\src\\app\\components\\tab\\tab.module.ts","statementMap":{"0":{"start":{"line":1,"column":0},"end":{"line":1,"column":47}},"1":{"start":{"line":2,"column":0},"end":{"line":2,"column":41}},"2":{"start":{"line":3,"column":0},"end":{"line":3,"column":47}},"3":{"start":{"line":4,"column":0},"end":{"line":4,"column":65}},"4":{"start":{"line":5,"column":0},"end":{"line":5,"column":47}},"5":{"start":{"line":12,"column":22},"end":{"line":12,"column":null}},"6":{"start":{"line":12,"column":13},"end":{"line":12,"column":null}},"7":{"start":{"line":12,"column":13},"end":{"line":12,"column":22}}},"fnMap":{},"branchMap":{},"s":{"0":3,"1":3,"2":3,"3":3,"4":3,"5":3,"6":3,"7":3},"f":{},"b":{}}
,"C:\\Users\\usuario\\Documents\\podbook\\front\\src\\app\\components\\tab\\tab-item\\tab-item.component.html": {"path":"C:\\Users\\usuario\\Documents\\podbook\\front\\src\\app\\components\\tab\\tab-item\\tab-item.component.html","statementMap":{"0":{"start":{"line":1,"column":0},"end":{"line":1,"column":119}}},"fnMap":{},"branchMap":{},"s":{"0":5},"f":{},"b":{},"inputSourceMap":null,"_coverageSchema":"1a1c01bbd47fc00a2c39e90264f33305004495a9","hash":"ded654f8c234a859f9981e2d2538dee922058625"}
,"C:\\Users\\usuario\\Documents\\podbook\\front\\src\\app\\components\\tab\\tab-item\\tab-item.component.ts": {"path":"C:\\Users\\usuario\\Documents\\podbook\\front\\src\\app\\components\\tab\\tab-item\\tab-item.component.ts","statementMap":{"0":{"start":{"line":1,"column":0},"end":{"line":1,"column":57}},"1":{"start":{"line":8,"column":29},"end":{"line":24,"column":null}},"2":{"start":{"line":11,"column":2},"end":{"line":11,"column":null}},"3":{"start":{"line":14,"column":2},"end":{"line":14,"column":13}},"4":{"start":{"line":16,"column":2},"end":{"line":16,"column":19}},"5":{"start":{"line":20,"column":4},"end":{"line":20,"column":27}},"6":{"start":{"line":8,"column":13},"end":{"line":24,"column":null}},"7":{"start":{"line":8,"column":13},"end":{"line":8,"column":29}}},"fnMap":{"0":{"name":"(anonymous_1)","decl":{"start":{"line":11,"column":23},"end":{"line":11,"column":26}},"loc":{"start":{"line":11,"column":28},"end":{"line":11,"column":31}}},"1":{"name":"(anonymous_2)","decl":{"start":{"line":18,"column":2},"end":{"line":18,"column":3}},"loc":{"start":{"line":19,"column":32},"end":{"line":21,"column":3}}}},"branchMap":{},"s":{"0":5,"1":5,"2":2,"3":2,"4":2,"5":2,"6":5,"7":5},"f":{"0":1,"1":2},"b":{}}
[...]
46},"end":{"line":20,"column":48}}]},"3":{"loc":{"start":{"line":20,"column":19},"end":{"line":20,"column":42}},"type":"cond-expr","locations":[{"start":{"line":20,"column":36},"end":{"line":20,"column":38}},{"start":{"line":20,"column":36},"end":{"line":20,"column":42}}]},"4":{"loc":{"start":{"line":20,"column":19},"end":{"line":20,"column":38}},"type":"binary-expr","locations":[{"start":{"line":20,"column":19},"end":{"line":20,"column":38}},{"start":{"line":20,"column":36},"end":{"line":20,"column":38}}]},"5":{"loc":{"start":{"line":20,"column":19},"end":{"line":20,"column":36}},"type":"cond-expr","locations":[{"start":{"line":20,"column":26},"end":{"line":20,"column":28}},{"start":{"line":20,"column":19},"end":{"line":20,"column":36}}]},"6":{"loc":{"start":{"line":20,"column":19},"end":{"line":20,"column":28}},"type":"binary-expr","locations":[{"start":{"line":20,"column":19},"end":{"line":20,"column":28}},{"start":{"line":20,"column":19},"end":{"line":20,"column":28}}]},"7":{"loc":{"start":{"line":21,"column":21},"end":{"line":21,"column":41}},"type":"cond-expr","locations":[{"start":{"line":21,"column":28},"end":{"line":21,"column":30}},{"start":{"line":21,"column":21},"end":{"line":21,"column":41}}]},"8":{"loc":{"start":{"line":21,"column":21},"end":{"line":21,"column":30}},"type":"binary-expr","locations":[{"start":{"line":21,"column":21},"end":{"line":21,"column":30}},{"start":{"line":21,"column":21},"end":{"line":21,"column":30}}]},"9":{"loc":{"start":{"line":22,"column":15},"end":{"line":22,"column":35}},"type":"cond-expr","locations":[{"start":{"line":22,"column":22},"end":{"line":22,"column":24}},{"start":{"line":22,"column":15},"end":{"line":22,"column":35}}]},"10":{"loc":{"start":{"line":22,"column":15},"end":{"line":22,"column":24}},"type":"binary-expr","locations":[{"start":{"line":22,"column":15},"end":{"line":22,"column":24}},{"start":{"line":22,"column":15},"end":{"line":22,"column":24}}]}},"s":{"0":4,"1":4,"2":4,"3":4,"4":8,"5":0,"6":0,"7":0,"8":0,"9":0,"10":4,"11":4},"f":{"0":8,"1":0,"2":0,"3":0},"b":{"0":[0,0],"1":[0,0],"2":[0,0],"3":[0,0],"4":[0,0],"5":[0,0],"6":[0,0],"7":[0,0],"8":[0,0],"9":[0,0],"10":[0,0]}}
,"C:\\Users\\usuario\\Documents\\podbook\\front\\src\\app\\services\\explore\\explore.service.ts": {"path":"C:\\Users\\usuario\\Documents\\podbook\\front\\src\\app\\services\\explore\\explore.service.ts","statementMap":{"0":{"start":{"line":1,"column":0},"end":{"line":1,"column":9}},"1":{"start":{"line":2,"column":0},"end":{"line":2,"column":43}},"2":{"start":{"line":3,"column":0},"end":{"line":3,"column":56}},"3":{"start":{"line":11,"column":27},"end":{"line":27,"column":null}},"4":{"start":{"line":13,"column":22},"end":{"line":13,"column":34}},"5":{"start":{"line":17,"column":32},"end":{"line":17,"column":54}},"6":{"start":{"line":19,"column":23},"end":{"line":19,"column":55}},"7":{"start":{"line":21,"column":21},"end":{"line":21,"column":107}},"8":{"start":{"line":23,"column":4},"end":{"line":23,"column":26}},"9":{"start":{"line":25,"column":4},"end":{"line":25,"column":20}},"10":{"start":{"line":11,"column":13},"end":{"line":27,"column":null}},"11":{"start":{"line":11,"column":13},"end":{"line":11,"column":27}}},"fnMap":{"0":{"name":"(anonymous_0)","decl":{"start":{"line":13,"column":2},"end":{"line":13,"column":22}},"loc":{"start":{"line":13,"column":44},"end":{"line":13,"column":49}}},"1":{"name":"(anonymous_1)","decl":{"start":{"line":15,"column":2},"end":{"line":15,"column":13}},"loc":{"start":{"line":15,"column":70},"end":{"line":26,"column":3}}}},"branchMap":{"0":{"loc":{"start":{"line":15,"column":23},"end":{"line":15,"column":31}},"type":"default-arg","locations":[{"start":{"line":15,"column":30},"end":{"line":15,"column":31}}]}},"s":{"0":2,"1":2,"2":2,"3":2,"4":4,"5":3,"6":3,"7":3,"8":3,"9":3,"10":2,"11":2},"f":{"0":4,"1":3},"b":{"0":[0]}}
,"C:\\Users\\usuario\\Documents\\podbook\\front\\src\\app\\services\\home\\home.service.ts": {"path":"C:\\Users\\usuario\\Documents\\podbook\\front\\src\\app\\services\\home\\home.service.ts","statementMap":{"0":{"start":{"line":1,"column":0},"end":{"line":1,"column":9}},"1":{"start":{"line":2,"column":0},"end":{"line":2,"column":43}},"2":{"start":{"line":3,"column":0},"end":{"line":3,"column":56}},"3":{"start":{"line":9,"column":24},"end":{"line":23,"column":null}},"4":{"start":{"line":12,"column":22},"end":{"line":12,"column":34}},"5":{"start":{"line":15,"column":32},"end":{"line":15,"column":54}},"6":{"start":{"line":17,"column":23},"end":{"line":17,"column":54}},"7":{"start":{"line":19,"column":27},"end":{"line":19,"column":100}},"8":{"start":{"line":21,"column":4},"end":{"line":21,"column":26}},"9":{"start":{"line":9,"column":13},"end":{"line":23,"column":null}},"10":{"start":{"line":9,"column":13},"end":{"line":9,"column":24}}},"fnMap":{"0":{"name":"(anonymous_0)","decl":{"start":{"line":12,"column":2},"end":{"line":12,"column":22}},"loc":{"start":{"line":12,"column":44},"end":{"line":12,"column":49}}},"1":{"name":"(anonymous_1)","decl":{"start":{"line":14,"column":2},"end":{"line":14,"column":16}},"loc":{"start":{"line":14,"column":30},"end":{"line":22,"column":3}}}},"branchMap":{},"s":{"0":2,"1":2,"2":2,"3":2,"4":4,"5":3,"6":3,"7":3,"8":3,"9":2,"10":2},"f":{"0":4,"1":3},"b":{}}
,"C:\\Users\\usuario\\Documents\\podbook\\front\\src\\app\\services\\record-form\\record-form.service.ts": {"path":"C:\\Users\\usuario\\Documents\\podbook\\front\\src\\app\\services\\record-form\\record-form.service.ts","statementMap":{"0":{"start":{"line":1,"column":0},"end":{"line":1,"column":9}},"1":{"start":{"line":2,"column":0},"end":{"line":2,"column":43}},"2":{"start":{"line":3,"column":0},"end":{"line":3,"column":56}},"3":{"start":{"line":14,"column":30},"end":{"line":28,"column":null}},"4":{"start":{"line":16,"column":22},"end":{"line":16,"column":34}},"5":{"start":{"line":20,"column":32},"end":{"line":20,"column":54}},"6":{"start":{"line":22,"column":23},"end":{"line":22,"column":57}},"7":{"start":{"line":24,"column":23},"end":{"line":24,"column":105}},"8":{"start":{"line":26,"column":4},"end":{"line":26,"column":22}},"9":{"start":{"line":14,"column":13},"end":{"line":28,"column":null}},"10":{"start":{"line":14,"column":13},"end":{"line":14,"column":30}}},"fnMap":{"0":{"name":"(anonymous_0)","decl":{"start":{"line":16,"column":2},"end":{"line":16,"column":22}},"loc":{"start":{"line":16,"column":44},"end":{"line":16,"column":49}}},"1":{"name":"(anonymous_1)","decl":{"start":{"line":18,"column":2},"end":{"line":18,"column":25}},"loc":{"start":{"line":18,"column":51},"end":{"line":27,"column":3}}}},"branchMap":{},"s":{"0":1,"1":1,"2":1,"3":1,"4":1,"5":0,"6":0,"7":0,"8":0,"9":1,"10":1},"f":{"0":1,"1":0},"b":{}}
,"C:\\Users\\usuario\\Documents\\podbook\\front\\src\\app\\services\\signin\\signin.service.ts": {"path":"C:\\Users\\usuario\\Documents\\podbook\\front\\src\\app\\services\\signin\\signin.service.ts","statementMap":{"0":{"start":{"line":1,"column":0},"end":{"line":1,"column":9}},"1":{"start":{"line":2,"column":0},"end":{"line":2,"column":43}},"2":{"start":{"line":3,"column":0},"end":{"line":3,"column":56}},"3":{"start":{"line":4,"column":0},"end":{"line":4,"column":9}},"4":{"start":{"line":5,"column":0},"end":{"line":5,"column":37}},"5":{"start":{"line":11,"column":26},"end":{"line":33,"column":null}},"6":{"start":{"line":14,"column":12},"end":{"line":14,"column":18}},"7":{"start":{"line":15,"column":12},"end":{"line":15,"column":25}},"8":{"start":{"line":19,"column":32},"end":{"line":19,"column":54}},"9":{"start":{"line":21,"column":23},"end":{"line":21,"column":54}},"10":{"start":{"line":23,"column":4},"end":{"line":31,"column":10}},"11":{"start":{"line":27,"column":35},"end":{"line":27,"column":66}},"12":{"start":{"line":29,"column":8},"end":{"line":29,"column":45}},"13":{"start":{"line":11,"column":13},"end":{"line":33,"column":null}},"14":{"start":{"line":11,"column":13},"end":{"line":11,"column":26}}},"fnMap":{"0":{"name":"(anonymous_0)","decl":{"start":{"line":13,"column":2},"end":{"line":13,"column":null}},"loc":{"start":{"line":15,"column":36},"end":{"line":15,"column":41}}},"1":{"name":"(anonymous_1)","decl":{"start":{"line":17,"column":2},"end":{"line":17,"column":8}},"loc":{"start":{"line":17,"column":38},"end":{"line":32,"column":3}}},"2":{"name":"(anonymous_2)","decl":{"start":{"line":25,"column":16},"end":{"line":25,"column":19}},"loc":{"start":{"line":25,"column":22},"end":{"line":31,"column":7}}}},"branchMap":{},"s":{"0":2,"1":2,"2":2,"3":2,"4":2,"5":2,"6":1,"7":1,"8":0,"9":0,"10":0,"11":0,"12":0,"13":2,"14":2},"f":{"0":1,"1":0,"2":0},"b":{}}
,"C:\\Users\\usuario\\Documents\\podbook\\front\\src\\app\\services\\signup\\signup.service.ts": {"path":"C:\\Users\\usuario\\Documents\\podbook\\front\\src\\app\\services\\signup\\signup.service.ts","statementMap":{"0":{"start":{"line":1,"column":0},"end":{"line":1,"column":43}},"1":{"start":{"line":2,"column":0},"end":{"line":2,"column":9}},"2":{"start":{"line":4,"column":0},"end":{"line":4,"column":37}},"3":{"start":{"line":5,"column":0},"end":{"line":5,"column":9}},"4":{"start":{"line":6,"column":0},"end":{"line":6,"column":56}},"5":{"start":{"line":11,"column":26},"end":{"line":35,"column":null}},"6":{"start":{"line":15,"column":12},"end":{"line":15,"column":18}},"7":{"start":{"line":16,"column":12},"end":{"line":16,"column":25}},"8":{"start":{"line":20,"column":32},"end":{"line":20,"column":54}},"9":{"start":{"line":22,"column":23},"end":{"line":22,"column":54}},"10":{"start":{"line":24,"column":4},"end":{"line":32,"column":10}},"11":{"start":{"line":28,"column":35},"end":{"line":28,"column":66}},"12":{"start":{"line":30,"column":8},"end":{"line":30,"column":45}},"13":{"start":{"line":11,"column":13},"end":{"line":35,"column":null}},"14":{"start":{"line":11,"column":13},"end":{"line":11,"column":26}}},"fnMap":{"0":{"name":"(anonymous_0)","decl":{"start":{"line":14,"column":2},"end":{"line":14,"column":null}},"loc":{"start":{"line":16,"column":36},"end":{"line":16,"column":41}}},"1":{"name":"(anonymous_1)","decl":{"start":{"line":18,"column":2},"end":{"line":18,"column":8}},"loc":{"start":{"line":18,"column":36},"end":{"line":33,"column":3}}},"2":{"name":"(anonymous_2)","decl":{"start":{"line":26,"column":16},"end":{"line":26,"column":19}},"loc":{"start":{"line":26,"column":22},"end":{"line":32,"column":7}}}},"branchMap":{},"s":{"0":2,"1":2,"2":2,"3":2,"4":2,"5":2,"6":1,"7":1,"8":0,"9":0,"10":0,"11":0,"12":0,"13":2,"14":2},"f":{"0":1,"1":0,"2":0},"b":{}}
,"C:\\Users\\usuario\\Documents\\podbook\\front\\src\\app\\services\\studio\\studio.service.ts": {"path":"C:\\Users\\usuario\\Documents\\podbook\\front\\src\\app\\services\\studio\\studio.service.ts","statementMap":{"0":{"start":{"line":1,"column":0},"end":{"line":1,"column":9}},"1":{"start":{"line":2,"column":0},"end":{"line":2,"column":43}},"2":{"start":{"line":3,"column":0},"end":{"line":3,"column":56}},"3":{"start":{"line":5,"column":0},"end":{"line":5,"column":9}},"4":{"start":{"line":7,"column":0},"end":{"line":7,"column":55}},"5":{"start":{"line":10,"column":0},"end":{"line":10,"column":22}},"6":{"start":{"line":18,"column":26},"end":{"line":43,"column":null}},"7":{"start":{"line":23,"column":12},"end":{"line":23,"column":24}},"8":{"start":{"line":24,"column":12},"end":{"line":24,"column":25}},"9":{"start":{"line":20,"column":2},"end":{"line":20,"column":53}},"10":{"start":{"line":29,"column":19},"end":{"line":29,"column":61}},"11":{"start":{"line":31,"column":4},"end":{"line":33,"column":null}},"12":{"start":{"line":32,"column":6},"end":{"line":32,"column":54}},"13":{"start":{"line":35,"column":32},"end":{"line":35,"column":54}},"14":{"start":{"line":37,"column":23},"end":{"line":37,"column":68}},"15":{"start":{"line":39,"column":21},"end":{"line":39,"column":107}},"16":{"start":{"line":41,"column":4},"end":{"line":41,"column":20}},"17":{"start":{"line":18,"column":13},"end":{"line":43,"column":null}},"18":{"start":{"line":18,"column":13},"end":{"line":18,"column":26}}},"fnMap":{"0":{"name":"(anonymous_0)","decl":{"start":{"line":22,"column":2},"end":{"line":22,"column":null}},"loc":{"start":{"line":24,"column":36},"end":{"line":25,"column":7}}},"1":{"name":"(anonymous_1)","decl":{"start":{"line":27,"column":2},"end":{"line":27,"column":15}},"loc":{"start":{"line":27,"column":72},"end":{"line":42,"column":3}}}},"branchMap":{"0":{"loc":{"start":{"line":27,"column":25},"end":{"line":27,"column":33}},"type":"default-arg","locations":[{"start":{"line":27,"column":32},"end":{"line":27,"column":33}}]},"1":{"loc":{"start":{"line":29,"column":19},"end":{"line":29,"column":61}},"type":"cond-expr","locations":[{"start":{"line":29,"column":52},"end":{"line":29,"column":54}},{"start":{"line":29,"column":52},"end":{"line":29,"column":61}}]},"2":{"loc":{"start":{"line":29,"column":19},"end":{"line":29,"column":54}},"type":"binary-expr","locations":[{"start":{"line":29,"column":19},"end":{"line":29,"column":54}},{"start":{"line":29,"column":52},"end":{"line":29,"column":54}}]},"3":{"loc":{"start":{"line":31,"column":4},"end":{"line":33,"column":null}},"type":"if","locations":[{"start":{"line":31,"column":4},"end":{"line":33,"column":null}},{"start":{"line":31,"column":4},"end":{"line":33,"column":null}}]}},"s":{"0":1,"1":1,"2":1,"3":1,"4":1,"5":1,"6":1,"7":1,"8":1,"9":1,"10":1,"11":1,"12":1,"13":0,"14":0,"15":0,"16":0,"17":1,"18":1},"f":{"0":1,"1":1},"b":{"0":[0],"1":[1,0],"2":[1,0],"3":[1,0]}}
,"C:\\Users\\usuario\\Documents\\podbook\\front\\src\\app\\services\\token\\token.service.ts": {"path":"C:\\Users\\usuario\\Documents\\podbook\\front\\src\\app\\services\\token\\token.service.ts","statementMap":{"0":{"start":{"line":1,"column":0},"end":{"line":1,"column":43}},"1":{"start":{"line":3,"column":24},"end":{"line":3,"column":35}},"2":{"start":{"line":8,"column":25},"end":{"line":25,"column":null}},"3":{"start":{"line":11,"column":4},"end":{"line":11,"column":29}},"4":{"start":{"line":15,"column":4},"end":{"line":15,"column":56}},"5":{"start":{"line":19,"column":4},"end":{"line":19,"column":56}},"6":{"start":{"line":23,"column":4},"end":{"line":23,"column":52}},"7":{"start":{"line":8,"column":13},"end":{"line":25,"column":null}},"8":{"start":{"line":8,"column":13},"end":{"line":8,"column":25}}},"fnMap":{"0":{"name":"(anonymous_0)","decl":{"start":{"line":10,"column":2},"end":{"line":10,"column":10}},"loc":{"start":{"line":10,"column":10},"end":{"line":12,"column":3}}},"1":{"name":"(anonymous_1)","decl":{"start":{"line":14,"column":2},"end":{"line":14,"column":10}},"loc":{"start":{"line":14,"column":10},"end":{"line":16,"column":3}}},"2":{"name":"(anonymous_2)","decl":{"start":{"line":18,"column":2},"end":{"line":18,"column":10}},"loc":{"start":{"line":18,"column":24},"end":{"line":20,"column":3}}},"3":{"name":"(anonymous_3)","decl":{"start":{"line":22,"column":2},"end":{"line":22,"column":13}},"loc":{"start":{"line":22,"column":13},"end":{"line":24,"column":3}}}},"branchMap":{},"s":{"0":10,"1":10,"2":10,"3":6,"4":6,"5":0,"6":0,"7":10,"8":10},"f":{"0":6,"1":6,"2":0,"3":0},"b":{}}
,"C:\\Users\\usuario\\Documents\\podbook\\front\\src\\app\\services\\user\\user.service.ts": {"path":"C:\\Users\\usuario\\Documents\\podbook\\front\\src\\app\\services\\user\\user.service.ts","statementMap":{"0":{"start":{"line":1,"column":0},"end":{"line":1,"column":43}},"1":{"start":{"line":2,"column":0},"end":{"line":2,"column":9}},"2":{"start":{"line":4,"column":0},"end":{"line":4,"column":35}},"3":{"start":{"line":5,"column":0},"end":{"line":5,"column":39}},"4":{"start":{"line":10,"column":24},"end":{"line":50,"column":null}},"5":{"start":{"line":15,"column":22},"end":{"line":15,"column":36}},"6":{"start":{"line":12,"column":10},"end":{"line":12,"column":68}},"7":{"start":{"line":13,"column":10},"end":{"line":13,"column":77}},"8":{"start":{"line":16,"column":4},"end":{"line":16,"column":59}},"9":{"start":{"line":20,"column":4},"end":{"line":20,"column":43}},"10":{"start":{"line":24,"column":4},"end":{"line":24,"column":41}},"11":{"start":{"line":28,"column":4},"end":{"line":28,"column":38}},"12":{"start":{"line":29,"column":4},"end":{"line":29,"column":27}},"13":{"start":{"line":34,"column":26},"end":{"line":34,"column":54}},"14":{"start":{"line":35,"column":50},"end":{"line":35,"column":66}},"15":{"start":{"line":37,"column":4},"end":{"line":37,"column":44}},"16":{"start":{"line":38,"column":4},"end":{"line":38,"column":57}},"17":{"start":{"line":42,"column":4},"end":{"line":42,"column":36}},"18":{"start":{"line":43,"column":4},"end":{"line":43,"column":32}},"19":{"start":{"line":44,"column":4},"end":{"line":44,"column":39}},"20":{"start":{"line":48,"column":4},"end":{"line":48,"column":40}},"21":{"start":{"line":10,"column":13},"end":{"line":50,"column":null}},"22":{"start":{"line":10,"column":13},"end":{"line":10,"column":24}}},"fnMap":{"0":{"name":"(anonymous_0)","decl":{"start":{"line":15,"column":2},"end":{"line":15,"column":22}},"loc":{"start":{"line":15,"column":48},"end":{"line":17,"column":3}}},"1":{"name":"(anonymous_1)","decl":{"start":{"line":19,"column":2},"end":{"line":19,"column":9}},"loc":{"start":{"line":19,"column":9},"end":{"line":21,"column":3}}},"2":{"name":"(anonymous_2)","decl":{"start":{"line":23,"column":2},"end":{"line":23,"column":16}},"loc":{"start":{"line":23,"column":16},"end":{"line":25,"column":3}}},"3":{"name":"(anonymous_3)","decl":{"start":{"line":27,"column":2},"end":{"line":27,"column":10}},"loc":{"start":{"line":27,"column":24},"end":{"line":30,"column":3}}},"4":{"name":"(anonymous_4)","decl":{"start":{"line":32,"column":10},"end":{"line":32,"column":25}},"loc":{"start":{"line":32,"column":25},"end":{"line":39,"column":3}}},"5":{"name":"(anonymous_5)","decl":{"start":{"line":41,"column":2},"end":{"line":41,"column":8}},"loc":{"start":{"line":41,"column":8},"end":{"line":45,"column":3}}},"6":{"name":"(anonymous_6)","decl":{"start":{"line":47,"column":2},"end":{"line":47,"column":10}},"loc":{"start":{"line":47,"column":10},"end":{"line":49,"column":3}}}},"branchMap":{"0":{"loc":{"start":{"line":16,"column":4},"end":{"line":16,"column":58}},"type":"binary-expr","locations":[{"start":{"line":16,"column":4},"end":{"line":16,"column":32}},{"start":{"line":16,"column":36},"end":{"line":16,"column":58}}]}},"s":{"0":9,"1":9,"2":9,"3":9,"4":9,"5":6,"6":6,"7":6,"8":6,"9":0,"10":1,"11":0,"12":0,"13":0,"14":0,"15":0,"16":0,"17":0,"18":0,"19":0,"20":0,"21":9,"22":9},"f":{"0":6,"1":0,"2":1,"3":0,"4":0,"5":0,"6":0},"b":{"0":[6,0]}}
,"C:\\Users\\usuario\\Documents\\podbook\\front\\src\\app\\stratergy\\CardComponent\\cardStratergy.ts": {"path":"C:\\Users\\usuario\\Documents\\podbook\\front\\src\\app\\stratergy\\CardComponent\\cardStratergy.ts","statementMap":{"0":{"start":{"line":1,"column":13},"end":{"line":5,"column":null}}},"fnMap":{},"branchMap":{},"s":{"0":4},"f":{},"b":{}}
,"C:\\Users\\usuario\\Documents\\podbook\\front\\src\\app\\stratergy\\Control-button\\control-button-strategy.ts": {"path":"C:\\Users\\usuario\\Documents\\podbook\\front\\src\\app\\stratergy\\Control-button\\control-button-strategy.ts","statementMap":{"0":{"start":{"line":1,"column":13},"end":{"line":1,"column":59}}},"fnMap":{},"branchMap":{},"s":{"0":2},"f":{},"b":{}}
,"C:\\Users\\usuario\\Documents\\podbook\\front\\src\\app\\stratergy\\StyleList\\styleListStratergy.ts": {"path":"C:\\Users\\usuario\\Documents\\podbook\\front\\src\\app\\stratergy\\StyleList\\styleListStratergy.ts","statementMap":{"0":{"start":{"line":1,"column":0},"end":{"line":1,"column":82}},"1":{"start":{"line":2,"column":0},"end":{"line":2,"column":73}},"2":{"start":{"line":5,"column":13},"end":{"line":9,"column":null}}},"fnMap":{},"branchMap":{},"s":{"0":3,"1":3,"2":3},"f":{},"b":{}}
,"C:\\Users\\usuario\\Documents\\podbook\\front\\src\\environments\\environment.ts": {"path":"C:\\Users\\usuario\\Documents\\podbook\\front\\src\\environments\\environment.ts","statementMap":{"0":{"start":{"line":5,"column":13},"end":{"line":12,"column":2}}},"fnMap":{},"branchMap":{},"s":{"0":11},"f":{},"b":{}}
}
