TN:
SF:src\app\app.component.html
FNF:0
FNH:0
DA:1,1
LF:1
LH:1
BRF:0
BRH:0
end_of_record
TN:
SF:src\app\app.component.ts
FN:14,(anonymous_1)
FNF:1
FNH:0
FNDA:0,(anonymous_1)
DA:1,1
DA:8,1
DA:9,1
DA:11,1
LF:4
LH:4
BRF:0
BRH:0
end_of_record
TN:
SF:src\app\components\audio-control\audio-control.component.html
FNF:0
FNH:0
DA:1,1
LF:1
LH:1
BRF:0
BRH:0
end_of_record
TN:
SF:src\app\components\audio-control\audio-control.component.ts
FN:26,(anonymous_0)
FN:21,(anonymous_1)
FN:32,(anonymous_2)
FNF:3
FNH:2
FNDA:7,(anonymous_0)
FNDA:14,(anonymous_1)
FNDA:0,(anonymous_2)
DA:1,1
DA:2,1
DA:4,1
DA:5,1
DA:6,1
DA:13,1
DA:15,7
DA:16,7
DA:17,7
DA:19,7
DA:23,14
DA:26,7
DA:29,7
DA:33,0
DA:34,0
LF:15
LH:13
BRF:0
BRH:0
end_of_record
TN:
SF:src\app\components\audio-control\types\AudioControl.ts
FN:11,(anonymous_0)
FNF:1
FNH:1
FNDA:1,(anonymous_0)
DA:11,1
DA:12,1
DA:13,1
DA:14,1
DA:15,1
DA:24,1
LF:6
LH:6
BRDA:11,0,0,1
BRDA:11,0,1,1
BRF:2
BRH:2
end_of_record
TN:
SF:src\app\components\audio-control\types\Mute.ts
FN:3,(anonymous_0)
FN:11,(anonymous_1)
FN:18,(anonymous_2)
FN:22,(anonymous_3)
FN:27,(anonymous_4)
FN:32,(anonymous_5)
FNF:6
FNH:5
FNDA:7,(anonymous_0)
FNDA:16,(anonymous_1)
FNDA:2,(anonymous_2)
FNDA:1,(anonymous_3)
FNDA:1,(anonymous_4)
FNDA:0,(anonymous_5)
DA:1,1
DA:3,1
DA:5,7
DA:7,7
DA:9,7
DA:13,16
DA:15,16
DA:19,2
DA:24,1
DA:29,1
DA:33,0
DA:35,0
LF:12
LH:10
BRDA:35,0,0,0
BRDA:35,0,1,0
BRF:2
BRH:0
end_of_record
TN:
SF:src\app\components\audio-control\types\Playing.ts
FN:3,(anonymous_0)
FN:11,(anonymous_1)
FN:18,(anonymous_2)
FN:23,(anonymous_3)
FN:31,(anonymous_4)
FN:36,(anonymous_5)
FNF:6
FNH:5
FNDA:7,(anonymous_0)
FNDA:16,(anonymous_1)
FNDA:2,(anonymous_2)
FNDA:0,(anonymous_3)
FNDA:1,(anonymous_4)
FNDA:1,(anonymous_5)
DA:1,1
DA:3,1
DA:5,7
DA:7,7
DA:9,7
DA:13,16
DA:15,16
DA:19,2
DA:25,0
DA:27,0
DA:33,1
DA:38,1
LF:12
LH:10
BRDA:27,0,0,0
BRDA:27,0,1,0
BRF:2
BRH:0
end_of_record
TN:
SF:src\app\components\audio-control\types\Repeat.ts
FN:3,(anonymous_0)
FN:9,(anonymous_1)
FN:16,(anonymous_2)
FN:20,(anonymous_3)
FN:24,(anonymous_4)
FN:29,(anonymous_5)
FNF:6
FNH:5
FNDA:7,(anonymous_0)
FNDA:16,(anonymous_1)
FNDA:2,(anonymous_2)
FNDA:1,(anonymous_3)
FNDA:1,(anonymous_4)
FNDA:0,(anonymous_5)
DA:1,1
DA:3,1
DA:5,7
DA:7,7
DA:11,16
DA:13,16
DA:17,2
DA:21,1
DA:25,1
DA:30,0
LF:10
LH:9
BRDA:30,0,0,0
BRDA:30,0,1,0
BRF:2
BRH:0
end_of_record
TN:
SF:src\app\components\button-control\button-control.component.html
FNF:0
FNH:0
DA:1,3
LF:1
LH:1
BRF:0
BRH:0
end_of_record
TN:
SF:src\app\components\button-control\button-control.component.ts
FN:13,(anonymous_1)
FN:23,(anonymous_2)
FN:29,(anonymous_3)
FN:33,(anonymous_4)
FN:37,(anonymous_5)
FN:41,(anonymous_6)
FN:46,(anonymous_7)
FN:50,(anonymous_8)
FNF:8
FNH:6
FNDA:0,(anonymous_1)
FNDA:17,(anonymous_2)
FNDA:2,(anonymous_3)
FNDA:38,(anonymous_4)
FNDA:38,(anonymous_5)
FNDA:0,(anonymous_6)
FNDA:3,(anonymous_7)
FNDA:1,(anonymous_8)
DA:1,3
DA:2,3
DA:10,3
DA:13,19
DA:16,19
DA:18,19
DA:21,19
DA:26,17
DA:30,2
DA:34,38
DA:38,38
DA:42,0
DA:47,3
DA:51,1
DA:52,1
LF:15
LH:14
BRDA:47,0,0,1
BRDA:47,0,1,2
BRF:2
BRH:2
end_of_record
TN:
SF:src\app\components\button-control\button-control.module.ts
FNF:0
FNH:0
DA:1,2
DA:2,2
DA:3,2
DA:4,2
DA:11,2
LF:5
LH:5
BRF:0
BRH:0
end_of_record
TN:
SF:src\app\components\button-control\directives\button-control.directive.ts
FN:11,(anonymous_1)
FNF:1
FNH:1
FNDA:30,(anonymous_1)
DA:1,3
DA:6,3
DA:9,16
DA:13,30
LF:4
LH:4
BRF:0
BRH:0
end_of_record
TN:
SF:src\app\components\card\card.component.html
FNF:0
FNH:0
DA:1,4
LF:1
LH:1
BRF:0
BRH:0
end_of_record
TN:
SF:src\app\components\card\card.component.ts
FN:14,(anonymous_1)
FN:35,(anonymous_2)
FN:40,(anonymous_3)
FN:45,(anonymous_4)
FNF:4
FNH:1
FNDA:0,(anonymous_1)
FNDA:14,(anonymous_2)
FNDA:0,(anonymous_3)
FNDA:0,(anonymous_4)
DA:1,4
DA:2,4
DA:3,4
DA:12,4
DA:14,3
DA:16,3
DA:19,3
DA:22,3
DA:25,3
DA:28,3
DA:31,3
DA:33,3
DA:37,14
DA:42,0
DA:46,0
LF:15
LH:13
BRDA:37,0,0,14
BRDA:37,0,1,0
BRF:2
BRH:1
end_of_record
TN:
SF:src\app\components\card\card.module.ts
FNF:0
FNH:0
DA:1,3
DA:2,3
DA:3,3
DA:10,3
LF:4
LH:4
BRF:0
BRH:0
end_of_record
TN:
SF:src\app\components\cards-container\cards-container.component.html
FNF:0
FNH:0
DA:1,3
LF:1
LH:1
BRF:0
BRH:0
end_of_record
TN:
SF:src\app\components\cards-container\cards-container.component.ts
FN:34,(anonymous_1)
FN:38,(anonymous_2)
FN:44,(anonymous_3)
FN:49,(anonymous_4)
FNF:4
FNH:0
FNDA:0,(anonymous_1)
FNDA:0,(anonymous_2)
FNDA:0,(anonymous_3)
FNDA:0,(anonymous_4)
DA:1,3
DA:2,3
DA:4,3
DA:5,3
DA:23,3
DA:26,2
DA:29,2
DA:32,2
DA:35,0
DA:41,0
DA:46,0
DA:50,0
LF:12
LH:8
BRF:0
BRH:0
end_of_record
TN:
SF:src\app\components\cards-container\cards-container.module.ts
FNF:0
FNH:0
DA:1,2
DA:2,2
DA:3,2
DA:4,2
DA:5,2
DA:6,2
DA:18,2
LF:7
LH:7
BRF:0
BRH:0
end_of_record
TN:
SF:src\app\components\float-button\float-button.component.html
FNF:0
FNH:0
DA:1,1
LF:1
LH:1
BRF:0
BRH:0
end_of_record
TN:
SF:src\app\components\float-button\float-button.component.ts
FN:10,(anonymous_1)
FN:15,(anonymous_2)
FN:21,(anonymous_3)
FNF:3
FNH:2
FNDA:0,(anonymous_1)
FNDA:1,(anonymous_2)
FNDA:1,(anonymous_3)
DA:1,1
DA:8,1
DA:10,2
DA:13,2
DA:18,1
DA:22,1
LF:6
LH:6
BRF:0
BRH:0
end_of_record
TN:
SF:src\app\components\footer\footer.component.html
FNF:0
FNH:0
DA:1,1
LF:1
LH:1
BRF:0
BRH:0
end_of_record
TN:
SF:src\app\components\footer\footer.component.ts
FN:10,(anonymous_0)
FN:12,(anonymous_1)
FNF:2
FNH:2
FNDA:1,(anonymous_0)
FNDA:1,(anonymous_1)
DA:1,1
DA:8,1
LF:2
LH:2
BRF:0
BRH:0
end_of_record
TN:
SF:src\app\components\form-field\form-field.component.html
FNF:0
FNH:0
DA:1,6
LF:1
LH:1
BRF:0
BRH:0
end_of_record
TN:
SF:src\app\components\form-field\form-field.component.ts
FN:33,(anonymous_1)
FN:40,(anonymous_2)
FN:46,(anonymous_3)
FN:51,(anonymous_4)
FN:61,(anonymous_5)
FNF:5
FNH:4
FNDA:12,(anonymous_1)
FNDA:25,(anonymous_2)
FNDA:2,(anonymous_3)
FNDA:6,(anonymous_4)
FNDA:0,(anonymous_5)
DA:1,6
DA:2,6
DA:3,6
DA:4,6
DA:5,6
DA:12,6
DA:14,12
DA:16,12
DA:19,12
DA:22,12
DA:25,12
DA:28,12
DA:31,12
DA:35,12
DA:37,12
DA:41,25
DA:43,25
DA:47,2
DA:48,2
DA:53,6
DA:58,6
DA:62,0
LF:22
LH:21
BRDA:35,0,0,0
BRDA:35,0,1,12
BRDA:48,1,0,1
BRDA:48,1,1,1
BRDA:54,2,0,1
BRDA:54,2,1,5
BRDA:55,3,0,1
BRDA:55,3,1,5
BRF:8
BRH:7
end_of_record
TN:
SF:src\app\components\form-field\form-field.module.ts
FNF:0
FNH:0
DA:1,5
DA:2,5
DA:3,5
DA:4,5
DA:11,5
LF:5
LH:5
BRF:0
BRH:0
end_of_record
TN:
SF:src\app\components\form-field\types\FormField.ts
FN:9,(anonymous_0)
FNF:1
FNH:0
FNDA:0,(anonymous_0)
DA:1,6
DA:9,6
DA:11,0
DA:12,0
DA:13,0
DA:14,0
DA:28,6
LF:7
LH:3
BRF:0
BRH:0
end_of_record
TN:
SF:src\app\components\form-field\utils\IconManager.ts
FN:3,getIcon
FN:7,(anonymous_1)
FNF:2
FNH:2
FNDA:25,getIcon
FNDA:25,(anonymous_1)
DA:3,6
DA:5,25
DA:7,25
DA:9,25
LF:4
LH:4
BRDA:5,0,0,0
BRDA:5,0,1,25
BRF:2
BRH:1
end_of_record
TN:
SF:src\app\components\form-field\utils\UniqueId.ts
FN:5,(anonymous_0)
FN:9,(anonymous_1)
FNF:2
FNH:2
FNDA:12,(anonymous_0)
FNDA:12,(anonymous_1)
DA:1,6
DA:3,6
DA:6,12
DA:10,12
LF:4
LH:4
BRF:0
BRH:0
end_of_record
TN:
SF:src\app\components\menu\menu.component.html
FNF:0
FNH:0
DA:1,1
LF:1
LH:1
BRF:0
BRH:0
end_of_record
TN:
SF:src\app\components\menu\menu.component.ts
FN:43,(anonymous_0)
FN:46,(anonymous_1)
FN:49,(anonymous_2)
FN:50,(anonymous_3)
FN:58,(anonymous_4)
FN:62,(anonymous_5)
FNF:6
FNH:3
FNDA:2,(anonymous_0)
FNDA:0,(anonymous_1)
FNDA:0,(anonymous_2)
FNDA:0,(anonymous_3)
FNDA:17,(anonymous_4)
FNDA:1,(anonymous_5)
DA:1,1
DA:2,1
DA:12,1
DA:16,2
DA:41,2
DA:43,2
DA:45,2
DA:46,0
DA:50,0
DA:51,0
DA:54,0
DA:59,17
DA:63,1
LF:13
LH:9
BRDA:46,0,0,0
BRDA:46,0,1,0
BRDA:51,1,0,0
BRDA:51,1,1,0
BRF:4
BRH:0
end_of_record
TN:
SF:src\app\components\menu\directives\menu.directive.ts
FN:12,(anonymous_1)
FNF:1
FNH:1
FNDA:16,(anonymous_1)
DA:1,2
DA:6,2
DA:9,9
DA:13,16
LF:4
LH:4
BRF:0
BRH:0
end_of_record
TN:
SF:src\app\components\style-list\style-list.component.html
FNF:0
FNH:0
DA:1,4
LF:1
LH:1
BRF:0
BRH:0
end_of_record
TN:
SF:src\app\components\style-list\style-list.component.ts
FN:16,(anonymous_1)
FN:21,(anonymous_2)
FN:25,(anonymous_3)
FN:30,(anonymous_4)
FN:34,(anonymous_5)
FN:36,(anonymous_6)
FNF:6
FNH:6
FNDA:2,(anonymous_1)
FNDA:7,(anonymous_2)
FNDA:1,(anonymous_3)
FNDA:3,(anonymous_4)
FNDA:9,(anonymous_5)
FNDA:9,(anonymous_6)
DA:1,4
DA:2,4
DA:10,4
DA:12,4
DA:14,4
DA:17,2
DA:18,2
DA:22,7
DA:26,1
DA:27,1
DA:31,3
DA:34,9
DA:36,9
LF:13
LH:13
BRF:0
BRH:0
end_of_record
TN:
SF:src\app\components\style-list\style-list.module.ts
FNF:0
FNH:0
DA:1,3
DA:2,3
DA:3,3
DA:10,3
LF:4
LH:4
BRF:0
BRH:0
end_of_record
TN:
SF:src\app\components\tab\tab.component.html
FNF:0
FNH:0
DA:1,4
LF:1
LH:1
BRF:0
BRH:0
end_of_record
TN:
SF:src\app\components\tab\tab.component.ts
FN:23,(anonymous_1)
FN:29,(anonymous_2)
FN:33,(anonymous_3)
FN:38,(anonymous_4)
FN:40,(anonymous_5)
FN:43,(anonymous_6)
FNF:6
FNH:4
FNDA:5,(anonymous_1)
FNDA:1,(anonymous_2)
FNDA:0,(anonymous_3)
FNDA:5,(anonymous_4)
FNDA:1,(anonymous_5)
FNDA:0,(anonymous_6)
DA:1,4
DA:2,4
DA:3,4
DA:12,4
DA:18,4
DA:21,4
DA:24,5
DA:31,1
DA:33,1
DA:35,1
DA:40,5
DA:42,5
DA:43,4
DA:44,0
LF:14
LH:13
BRDA:42,0,0,4
BRDA:42,0,1,1
BRDA:44,1,0,0
BRDA:44,1,1,0
BRF:4
BRH:2
end_of_record
TN:
SF:src\app\components\tab\tab.module.ts
FNF:0
FNH:0
DA:1,3
DA:2,3
DA:3,3
DA:4,3
DA:5,3
DA:12,3
LF:6
LH:6
BRF:0
BRH:0
end_of_record
TN:
SF:src\app\components\tab\tab-item\tab-item.component.html
FNF:0
FNH:0
DA:1,5
LF:1
LH:1
BRF:0
BRH:0
end_of_record
TN:
SF:src\app\components\tab\tab-item\tab-item.component.ts
FN:11,(anonymous_1)
FN:18,(anonymous_2)
FN:24,(anonymous_3)
FN:28,(anonymous_4)
FN:32,(anonymous_5)
FNF:5
FNH:5
FNDA:1,(anonymous_1)
FNDA:2,(anonymous_2)
FNDA:1,(anonymous_3)
FNDA:10,(anonymous_4)
FNDA:3,(anonymous_5)
DA:1,5
DA:8,5
DA:11,4
DA:14,4
DA:16,4
DA:21,2
DA:25,1
DA:29,10
DA:34,3
LF:9
LH:9
BRF:0
BRH:0
end_of_record
TN:
SF:src\app\enums\cardComponent\CardSstyleMappingEnum.ts
FN:1,(anonymous_0)
FNF:1
FNH:1
FNDA:4,(anonymous_0)
DA:1,4
DA:3,4
DA:4,4
LF:3
LH:3
BRDA:1,0,0,4
BRDA:1,0,1,4
BRF:2
BRH:2
end_of_record
TN:
SF:src\app\enums\styleListComponent\ListStateEnum.ts
FN:1,(anonymous_0)
FNF:1
FNH:1
FNDA:6,(anonymous_0)
DA:1,6
DA:3,6
DA:4,6
LF:3
LH:3
BRDA:1,0,0,6
BRDA:1,0,1,6
BRF:2
BRH:2
end_of_record
TN:
SF:src\app\pages\account\sign-in\sign-in.component.html
FNF:0
FNH:0
DA:1,1
LF:1
LH:1
BRF:0
BRH:0
end_of_record
TN:
SF:src\app\pages\account\sign-in\sign-in.component.ts
FN:10,(anonymous_0)
FN:12,(anonymous_1)
FNF:2
FNH:2
FNDA:1,(anonymous_0)
FNDA:1,(anonymous_1)
DA:1,1
DA:8,1
LF:2
LH:2
BRF:0
BRH:0
end_of_record
TN:
SF:src\app\pages\account\sign-up\sign-up.component.html
FNF:0
FNH:0
DA:1,1
LF:1
LH:1
BRF:0
BRH:0
end_of_record
TN:
SF:src\app\pages\account\sign-up\sign-up.component.ts
FN:19,(anonymous_1)
FN:25,(anonymous_2)
FNF:2
FNH:2
FNDA:1,(anonymous_1)
FNDA:1,(anonymous_2)
DA:1,1
DA:8,1
DA:10,3
DA:12,3
DA:17,3
DA:20,1
DA:21,1
DA:22,1
DA:26,1
DA:27,1
DA:28,1
DA:29,1
LF:12
LH:12
BRF:0
BRH:0
end_of_record
TN:
SF:src\app\pages\explore\explore.component.html
FNF:0
FNH:0
DA:1,1
LF:1
LH:1
BRF:0
BRH:0
end_of_record
TN:
SF:src\app\pages\explore\explore.component.ts
FN:14,(anonymous_1)
FN:16,(anonymous_2)
FNF:2
FNH:1
FNDA:0,(anonymous_1)
FNDA:2,(anonymous_2)
DA:1,1
DA:2,1
DA:10,1
DA:12,3
DA:17,2
LF:5
LH:5
BRF:0
BRH:0
end_of_record
TN:
SF:src\app\pages\home\home.component.html
FNF:0
FNH:0
DA:1,1
LF:1
LH:1
BRF:0
BRH:0
end_of_record
TN:
SF:src\app\pages\home\home.component.ts
FN:26,(anonymous_0)
FN:23,(anonymous_1)
FN:30,(anonymous_2)
FN:35,(anonymous_3)
FN:39,(anonymous_4)
FNF:5
FNH:2
FNDA:3,(anonymous_0)
FNDA:0,(anonymous_1)
FNDA:0,(anonymous_2)
FNDA:2,(anonymous_3)
FNDA:0,(anonymous_4)
DA:1,1
DA:3,1
DA:4,1
DA:11,1
DA:13,3
DA:15,3
DA:17,3
DA:23,0
DA:26,3
DA:28,3
DA:31,0
DA:36,2
DA:40,0
LF:13
LH:10
BRF:0
BRH:0
end_of_record
TN:
SF:src\app\pages\studio\studio.component.html
FNF:0
FNH:0
DA:1,1
LF:1
LH:1
BRF:0
BRH:0
end_of_record
TN:
SF:src\app\pages\studio\studio.component.ts
FN:40,(anonymous_0)
FN:14,(anonymous_1)
FN:18,(anonymous_2)
FN:42,(anonymous_3)
FN:47,(anonymous_4)
FN:52,(anonymous_5)
FNF:6
FNH:4
FNDA:1,(anonymous_0)
FNDA:1,(anonymous_1)
FNDA:0,(anonymous_2)
FNDA:1,(anonymous_3)
FNDA:0,(anonymous_4)
FNDA:4,(anonymous_5)
DA:1,1
DA:2,1
DA:3,1
DA:10,1
DA:12,1
DA:14,1
DA:15,1
DA:16,1
DA:18,1
DA:19,0
DA:20,0
DA:23,1
DA:25,1
DA:40,1
DA:44,1
DA:48,0
DA:49,0
DA:53,4
LF:18
LH:14
BRF:0
BRH:0
end_of_record
TN:
SF:src\app\pages\studio\my-podbooks\my-podbooks.component.html
FNF:0
FNH:0
DA:1,1
LF:1
LH:1
BRF:0
BRH:0
end_of_record
TN:
SF:src\app\pages\studio\my-podbooks\my-podbooks.component.ts
FN:10,(anonymous_0)
FN:12,(anonymous_1)
FNF:2
FNH:2
FNDA:1,(anonymous_0)
FNDA:1,(anonymous_1)
DA:1,1
DA:8,1
LF:2
LH:2
BRF:0
BRH:0
end_of_record
TN:
SF:src\app\pages\studio\record-studio\record-studio.component.html
FNF:0
FNH:0
DA:1,1
LF:1
LH:1
BRF:0
BRH:0
end_of_record
TN:
SF:src\app\pages\studio\record-studio\record-studio.component.ts
FN:15,(anonymous_1)
FN:21,(anonymous_2)
FN:26,(anonymous_3)
FN:28,(anonymous_4)
FNF:4
FNH:3
FNDA:2,(anonymous_1)
FNDA:6,(anonymous_2)
FNDA:30,(anonymous_3)
FNDA:0,(anonymous_4)
DA:1,1
DA:2,1
DA:3,1
DA:11,1
DA:13,3
DA:16,2
DA:22,6
DA:28,30
LF:8
LH:8
BRDA:17,0,0,1
BRDA:17,0,1,1
BRF:2
BRH:2
end_of_record
TN:
SF:src\app\pages\studio\types\studioPage.ts
FN:3,(anonymous_0)
FN:8,(anonymous_1)
FN:43,(anonymous_2)
FN:27,(anonymous_3)
FN:31,(anonymous_4)
FN:35,(anonymous_5)
FN:39,(anonymous_6)
FNF:7
FNH:1
FNDA:1,(anonymous_0)
FNDA:0,(anonymous_1)
FNDA:0,(anonymous_2)
FNDA:0,(anonymous_3)
FNDA:0,(anonymous_4)
FNDA:0,(anonymous_5)
FNDA:0,(anonymous_6)
DA:3,1
DA:4,1
DA:5,1
DA:8,1
DA:10,0
DA:19,1
DA:23,0
DA:25,0
DA:28,0
DA:32,0
DA:36,0
DA:40,0
DA:45,0
DA:46,0
LF:14
LH:5
BRDA:3,0,0,1
BRDA:3,0,1,1
BRF:2
BRH:2
end_of_record
TN:
SF:src\app\services\audio-control.service.ts
FN:13,(anonymous_1)
FN:17,(anonymous_2)
FNF:2
FNH:0
FNDA:0,(anonymous_1)
FNDA:0,(anonymous_2)
DA:1,2
DA:2,2
DA:7,2
DA:9,10
DA:11,10
DA:14,0
DA:18,0
LF:7
LH:5
BRF:0
BRH:0
end_of_record
TN:
SF:src\app\stratergy\CardComponent\cardStratergy.ts
FNF:0
FNH:0
DA:1,4
LF:1
LH:1
BRF:0
BRH:0
end_of_record
TN:
SF:src\app\stratergy\Control-button\control-button-strategy.ts
FNF:0
FNH:0
DA:1,3
LF:1
LH:1
BRF:0
BRH:0
end_of_record
TN:
SF:src\app\stratergy\StudioPage\studioStratergy.ts
FNF:0
FNH:0
DA:2,1
LF:1
LH:1
BRF:0
BRH:0
end_of_record
TN:
SF:src\app\stratergy\StyleList\styleListStratergy.ts
FNF:0
FNH:0
DA:1,3
DA:2,3
DA:5,3
LF:3
LH:3
BRF:0
BRH:0
end_of_record
