TN:
SF:src\app\app.component.html
FNF:0
FNH:0
DA:1,1
LF:1
LH:1
BRF:0
BRH:0
end_of_record
TN:
SF:src\app\app.component.ts
FN:14,(anonymous_1)
FNF:1
FNH:0
FNDA:0,(anonymous_1)
DA:1,1
DA:8,1
DA:9,1
DA:11,1
DA:15,0
LF:5
LH:4
BRF:0
BRH:0
end_of_record
TN:
SF:src\app\components\audio-control\audio-control.component.html
FNF:0
FNH:0
DA:1,1
LF:1
LH:1
BRF:0
BRH:0
end_of_record
TN:
SF:src\app\components\audio-control\audio-control.component.ts
FN:35,(anonymous_0)
FN:31,(anonymous_1)
FN:39,(anonymous_2)
FN:43,(anonymous_3)
FN:56,(anonymous_4)
FN:57,(anonymous_5)
FN:62,(anonymous_6)
FN:63,(anonymous_7)
FN:81,(anonymous_8)
FN:82,(anonymous_9)
FN:89,(anonymous_10)
FN:96,(anonymous_11)
FN:102,(anonymous_12)
FN:116,(anonymous_13)
FNF:14
FNH:9
FNDA:13,(anonymous_0)
FNDA:0,(anonymous_1)
FNDA:14,(anonymous_2)
FNDA:14,(anonymous_3)
FNDA:15,(anonymous_4)
FNDA:15,(anonymous_5)
FNDA:14,(anonymous_6)
FNDA:14,(anonymous_7)
FNDA:0,(anonymous_8)
FNDA:0,(anonymous_9)
FNDA:4,(anonymous_10)
FNDA:0,(anonymous_11)
FNDA:0,(anonymous_12)
FNDA:12,(anonymous_13)
DA:1,1
DA:2,1
DA:3,1
DA:4,1
DA:5,1
DA:6,1
DA:7,1
DA:8,1
DA:15,1
DA:19,13
DA:21,13
DA:23,13
DA:24,13
DA:25,13
DA:27,13
DA:29,13
DA:32,0
DA:36,13
DA:40,14
DA:44,14
DA:45,14
DA:46,14
DA:47,14
DA:49,14
DA:50,14
DA:54,13
DA:57,15
DA:58,15
DA:63,14
DA:65,14
DA:67,0
DA:68,0
DA:69,0
DA:70,0
DA:72,0
DA:73,0
DA:74,0
DA:77,0
DA:82,0
DA:84,0
DA:90,4
DA:91,4
DA:92,4
DA:93,4
DA:98,0
DA:99,0
DA:103,0
DA:105,0
DA:107,0
DA:108,0
DA:109,0
DA:112,0
DA:117,12
DA:118,12
LF:54
LH:35
BRDA:58,0,0,0
BRDA:58,0,1,15
BRDA:65,1,0,14
BRDA:65,1,1,0
BRDA:72,2,0,0
BRDA:72,2,1,0
BRDA:107,3,0,0
BRDA:107,3,1,0
BRF:8
BRH:2
end_of_record
TN:
SF:src\app\components\audio-control\types\AudioControl.ts
FN:14,(anonymous_0)
FN:28,(anonymous_1)
FN:33,(anonymous_2)
FN:35,(anonymous_3)
FN:44,(anonymous_4)
FN:50,(anonymous_5)
FN:54,(anonymous_6)
FN:58,(anonymous_7)
FN:62,(anonymous_8)
FN:66,(anonymous_9)
FNF:10
FNH:4
FNDA:5,(anonymous_0)
FNDA:0,(anonymous_1)
FNDA:0,(anonymous_2)
FNDA:0,(anonymous_3)
FNDA:14,(anonymous_4)
FNDA:0,(anonymous_5)
FNDA:0,(anonymous_6)
FNDA:29,(anonymous_7)
FNDA:0,(anonymous_8)
FNDA:4,(anonymous_9)
DA:14,5
DA:15,5
DA:16,5
DA:17,5
DA:18,5
DA:28,5
DA:29,0
DA:31,0
DA:33,0
DA:35,0
DA:37,0
DA:39,0
DA:44,5
DA:46,14
DA:48,14
DA:51,0
DA:55,0
DA:59,29
DA:63,0
DA:67,4
LF:20
LH:11
BRDA:14,0,0,5
BRDA:14,0,1,5
BRDA:29,1,0,0
BRDA:29,1,1,0
BRF:4
BRH:2
end_of_record
TN:
SF:src\app\components\audio-control\types\Playing.ts
FN:11,(anonymous_0)
FN:13,(anonymous_1)
FN:19,(anonymous_2)
FN:26,(anonymous_3)
FN:31,(anonymous_4)
FN:39,(anonymous_5)
FN:45,(anonymous_6)
FNF:7
FNH:5
FNDA:14,(anonymous_0)
FNDA:0,(anonymous_1)
FNDA:28,(anonymous_2)
FNDA:4,(anonymous_3)
FNDA:0,(anonymous_4)
FNDA:5,(anonymous_5)
FNDA:1,(anonymous_6)
DA:1,1
DA:3,1
DA:5,14
DA:7,14
DA:9,14
DA:11,14
DA:13,14
DA:14,0
DA:15,0
DA:21,28
DA:23,28
DA:27,4
DA:33,0
DA:35,0
DA:41,5
DA:42,5
DA:47,1
DA:48,1
LF:18
LH:14
BRDA:35,0,0,0
BRDA:35,0,1,0
BRF:2
BRH:0
end_of_record
TN:
SF:src\app\components\audio-control\types\Repeat.ts
FN:9,(anonymous_0)
FN:11,(anonymous_1)
FN:18,(anonymous_2)
FN:22,(anonymous_3)
FN:28,(anonymous_4)
FN:35,(anonymous_5)
FNF:6
FNH:5
FNDA:14,(anonymous_0)
FNDA:28,(anonymous_1)
FNDA:2,(anonymous_2)
FNDA:1,(anonymous_3)
FNDA:1,(anonymous_4)
FNDA:0,(anonymous_5)
DA:3,1
DA:5,14
DA:7,14
DA:9,14
DA:13,28
DA:15,28
DA:19,2
DA:23,1
DA:25,1
DA:29,1
DA:31,1
DA:36,0
LF:12
LH:11
BRDA:36,0,0,0
BRDA:36,0,1,0
BRF:2
BRH:0
end_of_record
TN:
SF:src\app\components\audio-control\types\Volume.ts
FN:11,(anonymous_0)
FN:13,(anonymous_1)
FN:20,(anonymous_2)
FN:24,(anonymous_3)
FN:28,(anonymous_4)
FN:35,(anonymous_5)
FN:41,(anonymous_6)
FN:48,(anonymous_7)
FNF:8
FNH:5
FNDA:14,(anonymous_0)
FNDA:28,(anonymous_1)
FNDA:2,(anonymous_2)
FNDA:0,(anonymous_3)
FNDA:0,(anonymous_4)
FNDA:1,(anonymous_5)
FNDA:1,(anonymous_6)
FNDA:0,(anonymous_7)
DA:1,1
DA:3,1
DA:5,14
DA:7,14
DA:9,14
DA:11,14
DA:15,28
DA:17,28
DA:21,2
DA:25,0
DA:29,0
DA:30,0
DA:32,0
DA:37,1
DA:38,1
DA:43,1
DA:44,1
DA:45,1
DA:49,0
DA:51,0
LF:20
LH:14
BRDA:32,0,0,0
BRDA:32,0,1,0
BRDA:51,1,0,0
BRDA:51,1,1,0
BRF:4
BRH:0
end_of_record
TN:
SF:src\app\components\button\button.component.html
FNF:0
FNH:0
DA:1,1
LF:1
LH:1
BRF:0
BRH:0
end_of_record
TN:
SF:src\app\components\button\button.component.ts
FN:14,(anonymous_1)
FN:31,(anonymous_2)
FNF:2
FNH:1
FNDA:0,(anonymous_1)
FNDA:1,(anonymous_2)
DA:1,1
DA:8,1
DA:11,2
DA:14,2
DA:17,2
DA:20,2
DA:23,2
DA:26,2
DA:29,2
DA:32,1
LF:10
LH:10
BRF:0
BRH:0
end_of_record
TN:
SF:src\app\components\button-control\button-control.component.html
FNF:0
FNH:0
DA:1,2
LF:1
LH:1
BRF:0
BRH:0
end_of_record
TN:
SF:src\app\components\button-control\button-control.component.ts
FN:13,(anonymous_1)
FN:23,(anonymous_2)
FN:29,(anonymous_3)
FN:33,(anonymous_4)
FN:37,(anonymous_5)
FN:41,(anonymous_6)
FN:46,(anonymous_7)
FN:50,(anonymous_8)
FNF:8
FNH:6
FNDA:0,(anonymous_1)
FNDA:2,(anonymous_2)
FNDA:2,(anonymous_3)
FNDA:12,(anonymous_4)
FNDA:12,(anonymous_5)
FNDA:0,(anonymous_6)
FNDA:5,(anonymous_7)
FNDA:1,(anonymous_8)
DA:1,2
DA:2,2
DA:10,2
DA:13,6
DA:16,6
DA:18,6
DA:21,6
DA:26,2
DA:30,2
DA:34,12
DA:38,12
DA:42,0
DA:47,5
DA:51,1
DA:52,1
LF:15
LH:14
BRDA:47,0,0,2
BRDA:47,0,1,3
BRF:2
BRH:2
end_of_record
TN:
SF:src\app\components\button-control\button-control.module.ts
FNF:0
FNH:0
DA:1,1
DA:2,1
DA:3,1
DA:10,1
LF:4
LH:4
BRF:0
BRH:0
end_of_record
TN:
SF:src\app\components\card\card.component.html
FNF:0
FNH:0
DA:1,4
LF:1
LH:1
BRF:0
BRH:0
end_of_record
TN:
SF:src\app\components\card\card.component.ts
FN:19,(anonymous_1)
FN:46,(anonymous_2)
FN:51,(anonymous_3)
FN:55,(anonymous_4)
FN:62,(anonymous_5)
FNF:5
FNH:3
FNDA:0,(anonymous_1)
FNDA:24,(anonymous_2)
FNDA:2,(anonymous_3)
FNDA:0,(anonymous_4)
FNDA:1,(anonymous_5)
DA:1,4
DA:2,4
DA:3,4
DA:12,4
DA:19,8
DA:21,8
DA:23,8
DA:26,8
DA:29,8
DA:32,8
DA:35,8
DA:38,8
DA:41,8
DA:44,8
DA:48,24
DA:54,2
DA:55,1
DA:56,1
DA:59,1
DA:63,1
DA:64,1
LF:21
LH:21
BRDA:48,0,0,24
BRDA:48,0,1,0
BRDA:54,1,0,1
BRDA:54,1,1,1
BRF:4
BRH:3
end_of_record
TN:
SF:src\app\components\card\card.module.ts
FNF:0
FNH:0
DA:1,3
DA:2,3
DA:3,3
DA:10,3
LF:4
LH:4
BRF:0
BRH:0
end_of_record
TN:
SF:src\app\components\cards-container\cards-container.component.html
FNF:0
FNH:0
DA:1,3
LF:1
LH:1
BRF:0
BRH:0
end_of_record
TN:
SF:src\app\components\cards-container\cards-container.component.ts
FN:39,(anonymous_1)
FN:44,(anonymous_2)
FNF:2
FNH:2
FNDA:2,(anonymous_1)
FNDA:3,(anonymous_2)
DA:1,3
DA:2,3
DA:4,3
DA:5,3
DA:23,3
DA:25,4
DA:28,4
DA:31,4
DA:34,4
DA:37,4
DA:41,2
DA:45,3
LF:12
LH:12
BRF:0
BRH:0
end_of_record
TN:
SF:src\app\components\cards-container\cards-container.module.ts
FNF:0
FNH:0
DA:1,2
DA:2,2
DA:3,2
DA:4,2
DA:5,2
DA:6,2
DA:18,2
LF:7
LH:7
BRF:0
BRH:0
end_of_record
TN:
SF:src\app\components\float-button\float-button.component.html
FNF:0
FNH:0
DA:1,2
LF:1
LH:1
BRF:0
BRH:0
end_of_record
TN:
SF:src\app\components\float-button\float-button.component.ts
FN:10,(anonymous_1)
FN:15,(anonymous_2)
FN:21,(anonymous_3)
FN:26,(anonymous_4)
FNF:4
FNH:3
FNDA:0,(anonymous_1)
FNDA:3,(anonymous_2)
FNDA:2,(anonymous_3)
FNDA:1,(anonymous_4)
DA:1,2
DA:8,2
DA:10,4
DA:13,4
DA:18,3
DA:23,2
DA:27,1
LF:7
LH:7
BRF:0
BRH:0
end_of_record
TN:
SF:src\app\components\float-button\float-button.module.ts
FNF:0
FNH:0
DA:1,1
DA:2,1
DA:3,1
DA:4,1
DA:11,1
LF:5
LH:5
BRF:0
BRH:0
end_of_record
TN:
SF:src\app\components\footer\footer.component.html
FNF:0
FNH:0
DA:1,1
LF:1
LH:1
BRF:0
BRH:0
end_of_record
TN:
SF:src\app\components\footer\footer.component.ts
FNF:0
FNH:0
DA:1,1
DA:8,1
LF:2
LH:2
BRF:0
BRH:0
end_of_record
TN:
SF:src\app\components\form-field\form-field.component.html
FNF:0
FNH:0
DA:1,6
LF:1
LH:1
BRF:0
BRH:0
end_of_record
TN:
SF:src\app\components\form-field\form-field.component.ts
FN:51,(anonymous_1)
FN:54,(anonymous_2)
FN:67,(anonymous_3)
FN:80,(anonymous_4)
FN:88,(anonymous_5)
FN:93,(anonymous_6)
FN:103,(anonymous_7)
FN:109,(anonymous_8)
FN:114,(anonymous_9)
FN:124,(anonymous_10)
FNF:10
FNH:6
FNDA:16,(anonymous_1)
FNDA:23,(anonymous_2)
FNDA:0,(anonymous_3)
FNDA:0,(anonymous_4)
FNDA:0,(anonymous_5)
FNDA:0,(anonymous_6)
FNDA:33,(anonymous_7)
FNDA:2,(anonymous_8)
FNDA:14,(anonymous_9)
FNDA:11,(anonymous_10)
DA:1,6
DA:2,6
DA:4,6
DA:5,6
DA:6,6
DA:7,6
DA:8,6
DA:9,6
DA:16,6
DA:18,16
DA:21,16
DA:23,16
DA:25,16
DA:28,16
DA:31,16
DA:34,16
DA:37,16
DA:40,16
DA:43,16
DA:49,16
DA:53,16
DA:55,23
DA:61,16
DA:63,16
DA:67,0
DA:68,0
DA:74,16
DA:82,0
DA:84,0
DA:86,0
DA:88,0
DA:90,0
DA:93,0
DA:95,0
DA:97,0
DA:104,33
DA:106,33
DA:110,2
DA:111,2
DA:116,14
DA:121,14
DA:125,11
DA:126,11
LF:43
LH:33
BRDA:61,0,0,16
BRDA:61,0,1,0
BRDA:90,1,0,0
BRDA:90,1,1,0
BRDA:93,2,0,0
BRDA:93,2,1,0
BRDA:93,3,0,0
BRDA:93,3,1,0
BRDA:95,4,0,0
BRDA:95,4,1,0
BRDA:111,5,0,1
BRDA:111,5,1,1
BRDA:117,6,0,1
BRDA:117,6,1,13
BRDA:118,7,0,1
BRDA:118,7,1,13
BRF:16
BRH:7
end_of_record
TN:
SF:src\app\components\form-field\form-field.module.ts
FNF:0
FNH:0
DA:1,5
DA:2,5
DA:3,5
DA:4,5
DA:11,5
LF:5
LH:5
BRF:0
BRH:0
end_of_record
TN:
SF:src\app\components\form-field\types\FormField.ts
FN:10,(anonymous_0)
FNF:1
FNH:0
FNDA:0,(anonymous_0)
DA:1,6
DA:10,6
DA:12,0
DA:13,0
DA:14,0
DA:15,0
DA:28,6
LF:7
LH:3
BRF:0
BRH:0
end_of_record
TN:
SF:src\app\components\form-field\types\Validators.ts
FN:10,(anonymous_0)
FN:13,(anonymous_1)
FN:21,(anonymous_2)
FN:27,(anonymous_3)
FNF:4
FNH:3
FNDA:2,(anonymous_0)
FNDA:0,(anonymous_1)
FNDA:16,(anonymous_2)
FNDA:23,(anonymous_3)
DA:1,6
DA:3,6
DA:7,6
DA:10,2
DA:13,6
DA:15,0
DA:17,0
DA:18,0
DA:21,6
DA:23,16
DA:25,16
DA:27,16
DA:29,23
DA:33,23
DA:34,2
DA:36,21
DA:39,23
DA:42,16
LF:18
LH:15
BRDA:15,0,0,0
BRDA:15,0,1,0
BRDA:17,1,0,0
BRDA:17,1,1,0
BRDA:25,2,0,0
BRDA:25,2,1,16
BRDA:33,3,0,2
BRDA:33,3,1,21
BRDA:39,4,0,19
BRDA:39,4,1,4
BRF:10
BRH:5
end_of_record
TN:
SF:src\app\components\form-field\utils\IconManager.ts
FN:3,getIcon
FN:7,(anonymous_1)
FNF:2
FNH:2
FNDA:33,getIcon
FNDA:33,(anonymous_1)
DA:3,6
DA:5,33
DA:7,33
DA:9,33
LF:4
LH:4
BRDA:5,0,0,0
BRDA:5,0,1,33
BRF:2
BRH:1
end_of_record
TN:
SF:src\app\components\form-field\utils\UniqueId.ts
FN:5,(anonymous_0)
FN:9,(anonymous_1)
FNF:2
FNH:2
FNDA:16,(anonymous_0)
FNDA:16,(anonymous_1)
DA:1,6
DA:3,6
DA:6,16
DA:10,16
LF:4
LH:4
BRF:0
BRH:0
end_of_record
TN:
SF:src\app\components\menu\menu.component.html
FNF:0
FNH:0
DA:1,1
LF:1
LH:1
BRF:0
BRH:0
end_of_record
TN:
SF:src\app\components\menu\menu.component.ts
FN:36,(anonymous_0)
FN:39,(anonymous_1)
FN:32,(anonymous_2)
FN:42,(anonymous_3)
FN:43,(anonymous_4)
FN:51,(anonymous_5)
FN:55,(anonymous_6)
FN:60,(anonymous_7)
FNF:8
FNH:6
FNDA:5,(anonymous_0)
FNDA:4,(anonymous_1)
FNDA:20,(anonymous_2)
FNDA:0,(anonymous_3)
FNDA:0,(anonymous_4)
FNDA:21,(anonymous_5)
FNDA:2,(anonymous_6)
FNDA:5,(anonymous_7)
DA:1,1
DA:2,1
DA:3,1
DA:12,1
DA:16,5
DA:30,5
DA:33,20
DA:36,5
DA:38,5
DA:39,4
DA:43,0
DA:44,0
DA:47,0
DA:52,21
DA:56,2
DA:57,2
DA:61,5
LF:17
LH:14
BRDA:39,0,0,0
BRDA:39,0,1,4
BRDA:44,1,0,0
BRDA:44,1,1,0
BRF:4
BRH:1
end_of_record
TN:
SF:src\app\components\menu\directives\menu.directive.ts
FN:13,(anonymous_1)
FN:17,(anonymous_2)
FN:22,(anonymous_3)
FNF:3
FNH:3
FNDA:40,(anonymous_1)
FNDA:40,(anonymous_2)
FNDA:40,(anonymous_3)
DA:1,2
DA:6,2
DA:9,21
DA:10,21
DA:14,40
DA:19,40
DA:23,40
LF:7
LH:7
BRDA:19,0,0,40
BRDA:19,0,1,40
BRDA:23,1,0,40
BRDA:23,1,1,40
BRF:4
BRH:4
end_of_record
TN:
SF:src\app\components\select\select.component.html
FNF:0
FNH:0
DA:1,1
LF:1
LH:1
BRF:0
BRH:0
end_of_record
TN:
SF:src\app\components\select\select.component.ts
FN:42,(anonymous_1)
FN:44,(anonymous_2)
FN:51,(anonymous_3)
FN:55,(anonymous_4)
FN:59,(anonymous_5)
FN:63,(anonymous_6)
FNF:6
FNH:5
FNDA:7,(anonymous_1)
FNDA:1,(anonymous_2)
FNDA:2,(anonymous_3)
FNDA:2,(anonymous_4)
FNDA:2,(anonymous_5)
FNDA:0,(anonymous_6)
DA:1,1
DA:2,1
DA:11,1
DA:13,6
DA:19,6
DA:21,6
DA:23,6
DA:26,6
DA:29,6
DA:32,6
DA:35,6
DA:38,6
DA:40,6
DA:43,7
DA:44,1
DA:47,7
DA:52,2
DA:56,2
DA:60,2
DA:64,0
DA:65,0
DA:66,0
LF:22
LH:19
BRDA:47,0,0,7
BRDA:47,0,1,1
BRDA:60,1,0,1
BRDA:60,1,1,1
BRF:4
BRH:4
end_of_record
TN:
SF:src\app\components\stepper\stepper.component.html
FNF:0
FNH:0
DA:1,1
LF:1
LH:1
BRF:0
BRH:0
end_of_record
TN:
SF:src\app\components\stepper\stepper.component.ts
FN:10,(anonymous_0)
FN:12,(anonymous_1)
FN:25,(anonymous_2)
FN:29,(anonymous_3)
FN:31,(anonymous_4)
FNF:5
FNH:5
FNDA:1,(anonymous_0)
FNDA:1,(anonymous_1)
FNDA:3,(anonymous_2)
FNDA:3,(anonymous_3)
FNDA:9,(anonymous_4)
DA:1,1
DA:8,1
DA:13,1
DA:16,1
DA:19,1
DA:22,1
DA:26,3
DA:31,3
DA:32,9
LF:9
LH:9
BRDA:32,0,0,9
BRDA:32,0,1,0
BRDA:32,1,0,9
BRDA:32,1,1,0
BRF:4
BRH:2
end_of_record
TN:
SF:src\app\components\style-list\style-list.component.html
FNF:0
FNH:0
DA:1,4
LF:1
LH:1
BRF:0
BRH:0
end_of_record
TN:
SF:src\app\components\style-list\style-list.component.ts
FN:16,(anonymous_1)
FN:21,(anonymous_2)
FN:25,(anonymous_3)
FN:30,(anonymous_4)
FN:34,(anonymous_5)
FN:36,(anonymous_6)
FNF:6
FNH:6
FNDA:2,(anonymous_1)
FNDA:7,(anonymous_2)
FNDA:1,(anonymous_3)
FNDA:3,(anonymous_4)
FNDA:9,(anonymous_5)
FNDA:9,(anonymous_6)
DA:1,4
DA:2,4
DA:10,4
DA:12,4
DA:14,4
DA:17,2
DA:18,2
DA:22,7
DA:26,1
DA:27,1
DA:31,3
DA:34,9
DA:36,9
LF:13
LH:13
BRF:0
BRH:0
end_of_record
TN:
SF:src\app\components\style-list\style-list.module.ts
FNF:0
FNH:0
DA:1,3
DA:2,3
DA:3,3
DA:10,3
LF:4
LH:4
BRF:0
BRH:0
end_of_record
TN:
SF:src\app\components\tab\tab.component.html
FNF:0
FNH:0
DA:1,4
LF:1
LH:1
BRF:0
BRH:0
end_of_record
TN:
SF:src\app\components\tab\tab.component.ts
FN:20,(anonymous_1)
FN:25,(anonymous_2)
FN:29,(anonymous_3)
FN:34,(anonymous_4)
FN:36,(anonymous_5)
FN:39,(anonymous_6)
FNF:6
FNH:3
FNDA:4,(anonymous_1)
FNDA:1,(anonymous_2)
FNDA:0,(anonymous_3)
FNDA:4,(anonymous_4)
FNDA:0,(anonymous_5)
FNDA:0,(anonymous_6)
DA:1,4
DA:3,4
DA:12,4
DA:18,3
DA:21,4
DA:27,1
DA:29,1
DA:31,1
DA:36,4
DA:38,4
DA:39,4
DA:40,0
LF:12
LH:11
BRDA:38,0,0,4
BRDA:38,0,1,0
BRDA:40,1,0,0
BRDA:40,1,1,0
BRF:4
BRH:1
end_of_record
TN:
SF:src\app\components\tab\tab.module.ts
FNF:0
FNH:0
DA:1,3
DA:2,3
DA:3,3
DA:4,3
DA:5,3
DA:12,3
LF:6
LH:6
BRF:0
BRH:0
end_of_record
TN:
SF:src\app\components\tab\tab-item\tab-item.component.html
FNF:0
FNH:0
DA:1,5
LF:1
LH:1
BRF:0
BRH:0
end_of_record
TN:
SF:src\app\components\tab\tab-item\tab-item.component.ts
FN:11,(anonymous_1)
FN:18,(anonymous_2)
FN:24,(anonymous_3)
FN:28,(anonymous_4)
FN:32,(anonymous_5)
FNF:5
FNH:4
FNDA:1,(anonymous_1)
FNDA:0,(anonymous_2)
FNDA:1,(anonymous_3)
FNDA:3,(anonymous_4)
FNDA:1,(anonymous_5)
DA:1,5
DA:8,5
DA:11,2
DA:14,2
DA:16,2
DA:21,0
DA:25,1
DA:29,3
DA:34,1
LF:9
LH:8
BRF:0
BRH:0
end_of_record
TN:
SF:src\app\core\auth\auth.guard.ts
FN:11,(anonymous_0)
FN:13,(anonymous_1)
FNF:2
FNH:1
FNDA:1,(anonymous_0)
FNDA:0,(anonymous_1)
DA:1,1
DA:2,1
DA:3,1
DA:9,1
DA:11,1
DA:17,0
DA:18,0
DA:20,0
DA:23,0
LF:9
LH:5
BRDA:17,0,0,0
BRDA:17,0,1,0
BRF:2
BRH:0
end_of_record
TN:
SF:src\app\core\auth\login.guard.ts
FN:11,(anonymous_0)
FN:13,(anonymous_1)
FNF:2
FNH:1
FNDA:1,(anonymous_0)
FNDA:0,(anonymous_1)
DA:1,1
DA:2,1
DA:3,1
DA:9,1
DA:11,1
DA:18,0
DA:19,0
DA:21,0
DA:24,0
LF:9
LH:5
BRDA:18,0,0,0
BRDA:18,0,1,0
BRF:2
BRH:0
end_of_record
TN:
SF:src\app\core\validation\validation.utils.ts
FN:3,(anonymous_0)
FN:5,(anonymous_1)
FN:14,(anonymous_2)
FNF:3
FNH:2
FNDA:2,(anonymous_0)
FNDA:4,(anonymous_1)
FNDA:0,(anonymous_2)
DA:3,2
DA:5,4
DA:7,2
DA:8,1
DA:11,2
DA:14,2
DA:16,0
DA:18,0
DA:21,0
DA:23,0
DA:26,0
LF:11
LH:6
BRDA:7,0,0,1
BRDA:7,0,1,1
BRDA:16,1,0,0
BRDA:16,1,1,0
BRDA:21,2,0,0
BRDA:21,2,1,0
BRF:6
BRH:2
end_of_record
TN:
SF:src\app\enums\cardComponent\CardSstyleMappingEnum.ts
FN:1,(anonymous_0)
FNF:1
FNH:1
FNDA:4,(anonymous_0)
DA:1,4
DA:3,4
DA:4,4
LF:3
LH:3
BRDA:1,0,0,4
BRDA:1,0,1,4
BRF:2
BRH:2
end_of_record
TN:
SF:src\app\enums\styleListComponent\ListStateEnum.ts
FN:1,(anonymous_0)
FNF:1
FNH:1
FNDA:6,(anonymous_0)
DA:1,6
DA:3,6
DA:4,6
LF:3
LH:3
BRDA:1,0,0,6
BRDA:1,0,1,6
BRF:2
BRH:2
end_of_record
TN:
SF:src\app\mocks\audio-control-component\audio-control-component.mocks.ts
FN:11,(anonymous_0)
FN:15,(anonymous_1)
FN:16,(anonymous_2)
FN:17,(anonymous_3)
FNF:4
FNH:2
FNDA:0,(anonymous_0)
FNDA:2,(anonymous_1)
FNDA:4,(anonymous_2)
FNDA:0,(anonymous_3)
DA:1,1
DA:3,1
DA:5,1
DA:12,0
DA:15,2
DA:16,4
LF:6
LH:5
BRF:0
BRH:0
end_of_record
TN:
SF:src\app\mocks\audio-control-component\menu-component.mocks.ts
FN:5,(anonymous_0)
FN:9,(anonymous_1)
FN:13,(anonymous_2)
FN:17,(anonymous_3)
FN:30,(anonymous_4)
FN:33,(anonymous_5)
FN:37,(anonymous_6)
FN:42,(anonymous_7)
FN:44,(anonymous_8)
FN:50,(anonymous_9)
FNF:10
FNH:4
FNDA:1,(anonymous_0)
FNDA:0,(anonymous_1)
FNDA:2,(anonymous_2)
FNDA:0,(anonymous_3)
FNDA:20,(anonymous_4)
FNDA:0,(anonymous_5)
FNDA:0,(anonymous_6)
FNDA:0,(anonymous_7)
FNDA:2,(anonymous_8)
FNDA:0,(anonymous_9)
DA:2,1
DA:7,1
DA:10,0
DA:14,2
DA:18,0
DA:23,1
DA:31,20
DA:34,0
DA:38,0
DA:39,0
DA:45,2
DA:46,2
DA:47,2
DA:51,0
LF:14
LH:8
BRF:0
BRH:0
end_of_record
TN:
SF:src\app\pages\account\sign-in\sign-in.component.html
FNF:0
FNH:0
DA:1,1
LF:1
LH:1
BRF:0
BRH:0
end_of_record
TN:
SF:src\app\pages\account\sign-in\sign-in.component.ts
FN:38,(anonymous_0)
FN:43,(anonymous_1)
FN:46,(anonymous_2)
FN:49,(anonymous_3)
FN:57,(anonymous_4)
FN:62,(anonymous_5)
FN:65,(anonymous_6)
FN:70,(anonymous_7)
FN:75,(anonymous_8)
FNF:9
FNH:3
FNDA:1,(anonymous_0)
FNDA:1,(anonymous_1)
FNDA:1,(anonymous_2)
FNDA:0,(anonymous_3)
FNDA:0,(anonymous_4)
FNDA:0,(anonymous_5)
FNDA:0,(anonymous_6)
FNDA:0,(anonymous_7)
FNDA:0,(anonymous_8)
DA:1,1
DA:2,1
DA:4,1
DA:5,1
DA:7,1
DA:8,1
DA:15,1
DA:17,1
DA:19,1
DA:21,1
DA:23,1
DA:39,1
DA:40,1
DA:41,1
DA:44,1
DA:46,1
DA:51,0
DA:53,0
DA:55,0
DA:57,0
DA:59,0
DA:63,0
DA:65,0
DA:72,0
DA:76,0
DA:77,0
LF:26
LH:16
BRDA:55,0,0,0
BRDA:55,0,1,0
BRDA:63,1,0,0
BRDA:63,1,1,0
BRF:4
BRH:0
end_of_record
TN:
SF:src\app\pages\account\sign-up\sign-up.component.html
FNF:0
FNH:0
DA:1,1
LF:1
LH:1
BRF:0
BRH:0
end_of_record
TN:
SF:src\app\pages\account\sign-up\sign-up.component.ts
FN:68,(anonymous_0)
FN:72,(anonymous_1)
FN:74,(anonymous_2)
FN:83,(anonymous_3)
FN:88,(anonymous_4)
FN:93,(anonymous_5)
FN:103,(anonymous_6)
FN:106,(anonymous_7)
FN:111,(anonymous_8)
FN:140,(anonymous_9)
FN:146,(anonymous_10)
FN:150,(anonymous_11)
FN:153,(anonymous_12)
FN:160,(anonymous_13)
FN:167,(anonymous_14)
FN:170,(anonymous_15)
FN:181,(anonymous_16)
FN:185,(anonymous_17)
FN:189,(anonymous_18)
FN:194,(anonymous_19)
FNF:20
FNH:13
FNDA:4,(anonymous_0)
FNDA:4,(anonymous_1)
FNDA:8,(anonymous_2)
FNDA:0,(anonymous_3)
FNDA:0,(anonymous_4)
FNDA:0,(anonymous_5)
FNDA:0,(anonymous_6)
FNDA:0,(anonymous_7)
FNDA:0,(anonymous_8)
FNDA:2,(anonymous_9)
FNDA:1,(anonymous_10)
FNDA:0,(anonymous_11)
FNDA:2,(anonymous_12)
FNDA:2,(anonymous_13)
FNDA:1,(anonymous_14)
FNDA:1,(anonymous_15)
FNDA:6,(anonymous_16)
FNDA:1,(anonymous_17)
FNDA:1,(anonymous_18)
FNDA:3,(anonymous_19)
DA:1,1
DA:2,1
DA:3,1
DA:4,1
DA:5,1
DA:7,1
DA:8,1
DA:15,1
DA:17,4
DA:18,4
DA:23,4
DA:30,4
DA:31,4
DA:33,4
DA:34,4
DA:37,4
DA:42,4
DA:69,4
DA:70,4
DA:74,4
DA:75,8
DA:76,0
DA:77,0
DA:80,4
DA:85,0
DA:88,0
DA:91,0
DA:93,0
DA:95,0
DA:97,0
DA:99,0
DA:101,0
DA:104,0
DA:106,0
DA:113,0
DA:115,0
DA:117,0
DA:118,0
DA:120,0
DA:122,0
DA:124,0
DA:126,0
DA:128,0
DA:130,0
DA:133,0
DA:135,0
DA:142,2
DA:144,1
DA:146,1
DA:148,1
DA:149,1
DA:150,1
DA:153,2
DA:155,1
DA:157,1
DA:162,2
DA:164,2
DA:168,1
DA:170,1
DA:172,1
DA:173,1
DA:174,1
DA:177,1
DA:178,1
DA:182,6
DA:186,1
DA:190,1
DA:195,3
DA:196,3
LF:69
LH:45
BRDA:75,0,0,0
BRDA:75,0,1,8
BRDA:91,1,0,0
BRDA:91,1,1,0
BRDA:104,2,0,0
BRDA:104,2,1,0
BRDA:113,3,0,0
BRDA:113,3,1,0
BRDA:115,4,0,0
BRDA:115,4,1,0
BRDA:120,5,0,0
BRDA:120,5,1,0
BRDA:128,6,0,0
BRDA:128,6,1,0
BRDA:128,7,0,0
BRDA:128,7,1,0
BRDA:133,8,0,0
BRDA:133,8,1,0
BRDA:133,9,0,0
BRDA:133,9,1,0
BRDA:142,10,0,1
BRDA:142,10,1,1
BRF:22
BRH:3
end_of_record
TN:
SF:src\app\pages\explore\explore.component.html
FNF:0
FNH:0
DA:1,1
LF:1
LH:1
BRF:0
BRH:0
end_of_record
TN:
SF:src\app\pages\explore\explore.component.ts
FN:28,(anonymous_0)
FN:26,(anonymous_1)
FN:34,(anonymous_2)
FN:38,(anonymous_3)
FN:44,(anonymous_4)
FNF:5
FNH:3
FNDA:3,(anonymous_0)
FNDA:0,(anonymous_1)
FNDA:2,(anonymous_2)
FNDA:3,(anonymous_3)
FNDA:0,(anonymous_4)
DA:1,1
DA:3,1
DA:5,1
DA:6,1
DA:16,1
DA:18,3
DA:20,3
DA:22,3
DA:24,3
DA:29,3
DA:30,3
DA:35,2
DA:40,3
DA:44,3
DA:46,0
DA:48,0
DA:49,0
DA:50,0
DA:51,0
DA:54,0
DA:55,0
DA:57,0
DA:58,0
LF:23
LH:14
BRDA:48,0,0,0
BRDA:48,0,1,0
BRDA:54,1,0,0
BRDA:54,1,1,0
BRF:4
BRH:0
end_of_record
TN:
SF:src\app\pages\home\home.component.html
FNF:0
FNH:0
DA:1,1
LF:1
LH:1
BRF:0
BRH:0
end_of_record
TN:
SF:src\app\pages\home\home.component.ts
FN:20,(anonymous_0)
FN:27,(anonymous_1)
FN:31,(anonymous_2)
FN:44,(anonymous_3)
FN:48,(anonymous_4)
FNF:5
FNH:3
FNDA:3,(anonymous_0)
FNDA:3,(anonymous_1)
FNDA:0,(anonymous_2)
FNDA:2,(anonymous_3)
FNDA:0,(anonymous_4)
DA:1,1
DA:3,1
DA:6,1
DA:7,1
DA:14,1
DA:16,3
DA:18,3
DA:21,3
DA:22,3
DA:25,3
DA:29,3
DA:31,3
DA:33,0
DA:34,0
DA:35,0
DA:38,0
DA:45,2
DA:49,0
LF:18
LH:13
BRDA:33,0,0,0
BRDA:33,0,1,0
BRDA:38,1,0,0
BRDA:38,1,1,0
BRF:4
BRH:0
end_of_record
TN:
SF:src\app\pages\studio\studio.component.html
FNF:0
FNH:0
DA:1,1
LF:1
LH:1
BRF:0
BRH:0
end_of_record
TN:
SF:src\app\pages\studio\studio.component.ts
FN:30,(anonymous_0)
FN:19,(anonymous_1)
FN:23,(anonymous_2)
FN:32,(anonymous_3)
FN:37,(anonymous_4)
FN:42,(anonymous_5)
FN:46,(anonymous_6)
FNF:7
FNH:3
FNDA:1,(anonymous_0)
FNDA:0,(anonymous_1)
FNDA:0,(anonymous_2)
FNDA:1,(anonymous_3)
FNDA:0,(anonymous_4)
FNDA:2,(anonymous_5)
FNDA:0,(anonymous_6)
DA:1,1
DA:2,1
DA:3,1
DA:4,1
DA:5,1
DA:12,1
DA:15,1
DA:17,1
DA:19,1
DA:20,0
DA:21,0
DA:23,1
DA:24,0
DA:25,0
DA:28,1
DA:30,1
DA:38,0
DA:39,0
DA:43,2
DA:47,0
LF:20
LH:13
BRF:0
BRH:0
end_of_record
TN:
SF:src\app\pages\studio\my-podbooks\my-podbooks.component.html
FNF:0
FNH:0
DA:1,1
LF:1
LH:1
BRF:0
BRH:0
end_of_record
TN:
SF:src\app\pages\studio\my-podbooks\my-podbooks.component.ts
FN:19,(anonymous_0)
FN:24,(anonymous_1)
FN:31,(anonymous_2)
FNF:3
FNH:3
FNDA:1,(anonymous_0)
FNDA:1,(anonymous_1)
FNDA:1,(anonymous_2)
DA:1,1
DA:3,1
DA:4,1
DA:14,1
DA:16,1
DA:17,1
DA:20,1
DA:21,1
DA:26,1
DA:31,1
DA:33,1
DA:34,1
DA:37,0
DA:38,0
DA:39,0
DA:42,0
DA:43,0
LF:17
LH:12
BRDA:33,0,0,1
BRDA:33,0,1,0
BRDA:37,1,0,0
BRDA:37,1,1,0
BRDA:42,2,0,0
BRDA:42,2,1,0
BRF:6
BRH:1
end_of_record
TN:
SF:src\app\services\audio-control\audio-control.service.ts
FN:17,(anonymous_1)
FN:21,(anonymous_2)
FN:25,(anonymous_3)
FN:29,(anonymous_4)
FNF:4
FNH:0
FNDA:0,(anonymous_1)
FNDA:0,(anonymous_2)
FNDA:0,(anonymous_3)
FNDA:0,(anonymous_4)
DA:1,5
DA:2,5
DA:4,5
DA:9,5
DA:11,8
DA:13,8
DA:15,8
DA:18,0
DA:22,0
DA:26,0
DA:30,0
DA:31,0
DA:32,0
LF:13
LH:7
BRF:0
BRH:0
end_of_record
TN:
SF:src\app\services\common\common.service.ts
FN:11,(anonymous_0)
FN:13,(anonymous_1)
FN:17,(anonymous_2)
FN:23,(anonymous_3)
FNF:4
FNH:1
FNDA:8,(anonymous_0)
FNDA:0,(anonymous_1)
FNDA:0,(anonymous_2)
FNDA:0,(anonymous_3)
DA:1,4
DA:2,4
DA:4,4
DA:9,4
DA:11,8
DA:15,0
DA:17,0
DA:18,0
DA:23,0
DA:27,0
LF:10
LH:5
BRF:0
BRH:0
end_of_record
TN:
SF:src\app\services\explore\explore.service.ts
FN:13,(anonymous_0)
FN:15,(anonymous_1)
FNF:2
FNH:2
FNDA:4,(anonymous_0)
FNDA:3,(anonymous_1)
DA:1,2
DA:2,2
DA:3,2
DA:11,2
DA:13,4
DA:17,3
DA:19,3
DA:21,3
DA:23,3
DA:25,3
LF:10
LH:10
BRDA:15,0,0,0
BRF:1
BRH:0
end_of_record
TN:
SF:src\app\services\home\home.service.ts
FN:12,(anonymous_0)
FN:14,(anonymous_1)
FNF:2
FNH:2
FNDA:4,(anonymous_0)
FNDA:3,(anonymous_1)
DA:1,2
DA:2,2
DA:3,2
DA:9,2
DA:12,4
DA:15,3
DA:17,3
DA:19,3
DA:21,3
LF:9
LH:9
BRF:0
BRH:0
end_of_record
TN:
SF:src\app\services\record-form\record-form.service.ts
FN:16,(anonymous_0)
FN:18,(anonymous_1)
FNF:2
FNH:1
FNDA:1,(anonymous_0)
FNDA:0,(anonymous_1)
DA:1,1
DA:2,1
DA:3,1
DA:14,1
DA:16,1
DA:20,0
DA:22,0
DA:24,0
DA:26,0
LF:9
LH:5
BRF:0
BRH:0
end_of_record
TN:
SF:src\app\services\signin\signin.service.ts
FN:13,(anonymous_0)
FN:17,(anonymous_1)
FN:25,(anonymous_2)
FNF:3
FNH:1
FNDA:1,(anonymous_0)
FNDA:0,(anonymous_1)
FNDA:0,(anonymous_2)
DA:1,2
DA:2,2
DA:3,2
DA:4,2
DA:5,2
DA:11,2
DA:14,1
DA:15,1
DA:19,0
DA:21,0
DA:23,0
DA:27,0
DA:29,0
LF:13
LH:8
BRF:0
BRH:0
end_of_record
TN:
SF:src\app\services\signup\signup.service.ts
FN:14,(anonymous_0)
FN:18,(anonymous_1)
FN:26,(anonymous_2)
FNF:3
FNH:1
FNDA:1,(anonymous_0)
FNDA:0,(anonymous_1)
FNDA:0,(anonymous_2)
DA:1,2
DA:2,2
DA:4,2
DA:5,2
DA:6,2
DA:11,2
DA:15,1
DA:16,1
DA:20,0
DA:22,0
DA:24,0
DA:28,0
DA:30,0
LF:13
LH:8
BRF:0
BRH:0
end_of_record
TN:
SF:src\app\services\studio\studio.service.ts
FN:22,(anonymous_0)
FN:27,(anonymous_1)
FNF:2
FNH:2
FNDA:1,(anonymous_0)
FNDA:1,(anonymous_1)
DA:1,1
DA:2,1
DA:3,1
DA:5,1
DA:7,1
DA:10,1
DA:18,1
DA:20,1
DA:23,1
DA:24,1
DA:29,1
DA:31,1
DA:32,1
DA:35,0
DA:37,0
DA:39,0
DA:41,0
LF:17
LH:13
BRDA:27,0,0,0
BRDA:29,1,0,1
BRDA:29,1,1,0
BRDA:29,2,0,1
BRDA:29,2,1,0
BRDA:31,3,0,1
BRDA:31,3,1,0
BRF:7
BRH:3
end_of_record
TN:
SF:src\app\services\token\token.service.ts
FN:10,(anonymous_0)
FN:14,(anonymous_1)
FN:18,(anonymous_2)
FN:22,(anonymous_3)
FNF:4
FNH:2
FNDA:6,(anonymous_0)
FNDA:6,(anonymous_1)
FNDA:0,(anonymous_2)
FNDA:0,(anonymous_3)
DA:1,10
DA:3,10
DA:8,10
DA:11,6
DA:15,6
DA:19,0
DA:23,0
LF:7
LH:5
BRF:0
BRH:0
end_of_record
TN:
SF:src\app\services\user\user.service.ts
FN:15,(anonymous_0)
FN:19,(anonymous_1)
FN:23,(anonymous_2)
FN:27,(anonymous_3)
FN:32,(anonymous_4)
FN:41,(anonymous_5)
FN:47,(anonymous_6)
FNF:7
FNH:2
FNDA:6,(anonymous_0)
FNDA:0,(anonymous_1)
FNDA:1,(anonymous_2)
FNDA:0,(anonymous_3)
FNDA:0,(anonymous_4)
FNDA:0,(anonymous_5)
FNDA:0,(anonymous_6)
DA:1,9
DA:2,9
DA:4,9
DA:5,9
DA:10,9
DA:12,6
DA:13,6
DA:15,6
DA:16,6
DA:20,0
DA:24,1
DA:28,0
DA:29,0
DA:34,0
DA:35,0
DA:37,0
DA:38,0
DA:42,0
DA:43,0
DA:44,0
DA:48,0
LF:21
LH:10
BRDA:16,0,0,6
BRDA:16,0,1,0
BRF:2
BRH:1
end_of_record
TN:
SF:src\app\stratergy\CardComponent\cardStratergy.ts
FNF:0
FNH:0
DA:1,4
LF:1
LH:1
BRF:0
BRH:0
end_of_record
TN:
SF:src\app\stratergy\Control-button\control-button-strategy.ts
FNF:0
FNH:0
DA:1,2
LF:1
LH:1
BRF:0
BRH:0
end_of_record
TN:
SF:src\app\stratergy\StyleList\styleListStratergy.ts
FNF:0
FNH:0
DA:1,3
DA:2,3
DA:5,3
LF:3
LH:3
BRF:0
BRH:0
end_of_record
TN:
SF:src\environments\environment.ts
FNF:0
FNH:0
DA:5,11
LF:1
LH:1
BRF:0
BRH:0
end_of_record
